2025-02-04 20:26:05 INFO  o.s.t.c.s.AnnotationConfigContextLoaderUtils - Could not detect default configuration classes for test class [info.mackiewicz.bankapp.BankAppIntegrationTests]: BankAppIntegrationTests does not declare any static, non-private, non-final, nested classes annotated with @Configuration.
2025-02-04 20:26:05 INFO  o.s.b.t.c.SpringBootTestContextBootstrapper - Found @SpringBootConfiguration info.mackiewicz.bankapp.BankAppApplication for test class info.mackiewicz.bankapp.BankAppIntegrationTests
2025-02-04 20:26:05 INFO  i.m.bankapp.BankAppIntegrationTests - Starting BankAppIntegrationTests using Java 21.0.5 with PID 9692 (started by zizu4 in C:\Users\zizu4\IdeaProjects\BankApp)
2025-02-04 20:26:05 INFO  i.m.bankapp.BankAppIntegrationTests - No active profile set, falling back to 1 default profile: "default"
2025-02-04 20:26:06 INFO  o.s.d.r.c.RepositoryConfigurationDelegate - Bootstrapping Spring Data JPA repositories in DEFAULT mode.
2025-02-04 20:26:06 INFO  o.s.d.r.c.RepositoryConfigurationDelegate - Finished Spring Data repository scanning in 59 ms. Found 3 JPA repository interfaces.
2025-02-04 20:26:06 INFO  o.h.jpa.internal.util.LogHelper - HHH000204: Processing PersistenceUnitInfo [name: default]
2025-02-04 20:26:06 INFO  org.hibernate.Version - HHH000412: Hibernate ORM core version 6.6.5.Final
2025-02-04 20:26:07 INFO  o.h.c.i.RegionFactoryInitiator - HHH000026: Second-level cache disabled
2025-02-04 20:26:07 INFO  o.s.o.j.p.SpringPersistenceUnitInfo - No LoadTimeWeaver setup: ignoring JPA class transformer
2025-02-04 20:26:07 INFO  com.zaxxer.hikari.HikariDataSource - HikariPool-1 - Starting...
2025-02-04 20:26:07 INFO  com.zaxxer.hikari.pool.HikariPool - HikariPool-1 - Added connection conn0: url=jdbc:h2:mem:bankappdb user=SA
2025-02-04 20:26:07 INFO  com.zaxxer.hikari.HikariDataSource - HikariPool-1 - Start completed.
2025-02-04 20:26:07 WARN  org.hibernate.orm.deprecation - HHH90000025: H2Dialect does not need to be specified explicitly using 'hibernate.dialect' (remove the property setting and it will be selected by default)
2025-02-04 20:26:07 INFO  o.hibernate.orm.connections.pooling - HHH10001005: Database info:
	Database JDBC URL [Connecting through datasource 'HikariDataSource (HikariPool-1)']
	Database driver: undefined/unknown
	Database version: 2.3.232
	Autocommit mode: undefined/unknown
	Isolation level: undefined/unknown
	Minimum pool size: undefined/unknown
	Maximum pool size: undefined/unknown
2025-02-04 20:26:08 INFO  o.h.e.t.j.p.i.JtaPlatformInitiator - HHH000489: No JTA platform available (set 'hibernate.transaction.jta.platform' to enable JTA platform integration)
2025-02-04 20:26:08 INFO  o.s.o.j.LocalContainerEntityManagerFactoryBean - Initialized JPA EntityManagerFactory for persistence unit 'default'
2025-02-04 20:26:09 INFO  o.s.d.j.r.query.QueryEnhancerFactory - Hibernate is in classpath; If applicable, HQL parser will be used.
2025-02-04 20:26:09 WARN  o.s.b.a.o.j.JpaBaseConfiguration$JpaWebConfiguration - spring.jpa.open-in-view is enabled by default. Therefore, database queries may be performed during view rendering. Explicitly configure spring.jpa.open-in-view to disable this warning
2025-02-04 20:26:10 INFO  o.s.b.a.h.H2ConsoleAutoConfiguration - H2 console available at '/h2-console'. Database available at 'jdbc:h2:mem:bankappdb'
2025-02-04 20:26:10 INFO  i.m.bankapp.BankAppIntegrationTests - Started BankAppIntegrationTests in 4.794 seconds (process running for 6.247)
2025-02-04 20:26:11 INFO  o.s.o.j.LocalContainerEntityManagerFactoryBean - Closing JPA EntityManagerFactory for persistence unit 'default'
2025-02-04 20:26:11 INFO  com.zaxxer.hikari.HikariDataSource - HikariPool-1 - Shutdown initiated...
2025-02-04 20:26:11 INFO  com.zaxxer.hikari.HikariDataSource - HikariPool-1 - Shutdown completed.
2025-02-04 20:36:17 INFO  o.s.t.c.s.AnnotationConfigContextLoaderUtils - Could not detect default configuration classes for test class [info.mackiewicz.bankapp.TransactionStrategyIntegrationTest]: TransactionStrategyIntegrationTest does not declare any static, non-private, non-final, nested classes annotated with @Configuration.
2025-02-04 20:36:17 INFO  o.s.b.t.c.SpringBootTestContextBootstrapper - Found @SpringBootConfiguration info.mackiewicz.bankapp.BankAppApplication for test class info.mackiewicz.bankapp.TransactionStrategyIntegrationTest
2025-02-04 20:36:18 INFO  i.m.b.TransactionStrategyIntegrationTest - Starting TransactionStrategyIntegrationTest using Java 21.0.5 with PID 27500 (started by zizu4 in C:\Users\zizu4\IdeaProjects\BankApp)
2025-02-04 20:36:18 INFO  i.m.b.TransactionStrategyIntegrationTest - No active profile set, falling back to 1 default profile: "default"
2025-02-04 20:36:19 INFO  o.s.d.r.c.RepositoryConfigurationDelegate - Bootstrapping Spring Data JPA repositories in DEFAULT mode.
2025-02-04 20:36:19 INFO  o.s.d.r.c.RepositoryConfigurationDelegate - Finished Spring Data repository scanning in 69 ms. Found 3 JPA repository interfaces.
2025-02-04 20:36:19 INFO  o.h.jpa.internal.util.LogHelper - HHH000204: Processing PersistenceUnitInfo [name: default]
2025-02-04 20:36:19 INFO  org.hibernate.Version - HHH000412: Hibernate ORM core version 6.6.5.Final
2025-02-04 20:36:19 INFO  o.h.c.i.RegionFactoryInitiator - HHH000026: Second-level cache disabled
2025-02-04 20:36:20 INFO  o.s.o.j.p.SpringPersistenceUnitInfo - No LoadTimeWeaver setup: ignoring JPA class transformer
2025-02-04 20:36:20 INFO  com.zaxxer.hikari.HikariDataSource - HikariPool-1 - Starting...
2025-02-04 20:36:20 INFO  com.zaxxer.hikari.pool.HikariPool - HikariPool-1 - Added connection conn0: url=jdbc:h2:mem:bankappdb user=SA
2025-02-04 20:36:20 INFO  com.zaxxer.hikari.HikariDataSource - HikariPool-1 - Start completed.
2025-02-04 20:36:20 WARN  org.hibernate.orm.deprecation - HHH90000025: H2Dialect does not need to be specified explicitly using 'hibernate.dialect' (remove the property setting and it will be selected by default)
2025-02-04 20:36:20 INFO  o.hibernate.orm.connections.pooling - HHH10001005: Database info:
	Database JDBC URL [Connecting through datasource 'HikariDataSource (HikariPool-1)']
	Database driver: undefined/unknown
	Database version: 2.3.232
	Autocommit mode: undefined/unknown
	Isolation level: undefined/unknown
	Minimum pool size: undefined/unknown
	Maximum pool size: undefined/unknown
2025-02-04 20:36:21 INFO  o.h.e.t.j.p.i.JtaPlatformInitiator - HHH000489: No JTA platform available (set 'hibernate.transaction.jta.platform' to enable JTA platform integration)
2025-02-04 20:36:21 INFO  o.s.o.j.LocalContainerEntityManagerFactoryBean - Initialized JPA EntityManagerFactory for persistence unit 'default'
2025-02-04 20:36:21 INFO  o.s.d.j.r.query.QueryEnhancerFactory - Hibernate is in classpath; If applicable, HQL parser will be used.
2025-02-04 20:36:22 WARN  o.s.b.a.o.j.JpaBaseConfiguration$JpaWebConfiguration - spring.jpa.open-in-view is enabled by default. Therefore, database queries may be performed during view rendering. Explicitly configure spring.jpa.open-in-view to disable this warning
2025-02-04 20:36:22 INFO  o.s.b.a.h.H2ConsoleAutoConfiguration - H2 console available at '/h2-console'. Database available at 'jdbc:h2:mem:bankappdb'
2025-02-04 20:36:22 INFO  i.m.b.TransactionStrategyIntegrationTest - Started TransactionStrategyIntegrationTest in 4.642 seconds (process running for 6.106)
2025-02-04 20:36:23 INFO  o.s.o.j.LocalContainerEntityManagerFactoryBean - Closing JPA EntityManagerFactory for persistence unit 'default'
2025-02-04 20:36:23 INFO  com.zaxxer.hikari.HikariDataSource - HikariPool-1 - Shutdown initiated...
2025-02-04 20:36:23 INFO  com.zaxxer.hikari.HikariDataSource - HikariPool-1 - Shutdown completed.
2025-02-04 20:37:09 INFO  o.s.t.c.s.AnnotationConfigContextLoaderUtils - Could not detect default configuration classes for test class [info.mackiewicz.bankapp.AccountServiceOperationsTest]: AccountServiceOperationsTest does not declare any static, non-private, non-final, nested classes annotated with @Configuration.
2025-02-04 20:37:09 INFO  o.s.b.t.c.SpringBootTestContextBootstrapper - Found @SpringBootConfiguration info.mackiewicz.bankapp.BankAppApplication for test class info.mackiewicz.bankapp.AccountServiceOperationsTest
2025-02-04 20:37:10 INFO  i.m.b.AccountServiceOperationsTest - Starting AccountServiceOperationsTest using Java 21.0.5 with PID 7248 (started by zizu4 in C:\Users\zizu4\IdeaProjects\BankApp)
2025-02-04 20:37:10 INFO  i.m.b.AccountServiceOperationsTest - No active profile set, falling back to 1 default profile: "default"
2025-02-04 20:37:10 INFO  o.s.d.r.c.RepositoryConfigurationDelegate - Bootstrapping Spring Data JPA repositories in DEFAULT mode.
2025-02-04 20:37:10 INFO  o.s.d.r.c.RepositoryConfigurationDelegate - Finished Spring Data repository scanning in 48 ms. Found 3 JPA repository interfaces.
2025-02-04 20:37:11 INFO  o.h.jpa.internal.util.LogHelper - HHH000204: Processing PersistenceUnitInfo [name: default]
2025-02-04 20:37:11 INFO  org.hibernate.Version - HHH000412: Hibernate ORM core version 6.6.5.Final
2025-02-04 20:37:11 INFO  o.h.c.i.RegionFactoryInitiator - HHH000026: Second-level cache disabled
2025-02-04 20:37:11 INFO  o.s.o.j.p.SpringPersistenceUnitInfo - No LoadTimeWeaver setup: ignoring JPA class transformer
2025-02-04 20:37:11 INFO  com.zaxxer.hikari.HikariDataSource - HikariPool-1 - Starting...
2025-02-04 20:37:12 INFO  com.zaxxer.hikari.pool.HikariPool - HikariPool-1 - Added connection conn0: url=jdbc:h2:mem:bankappdb user=SA
2025-02-04 20:37:12 INFO  com.zaxxer.hikari.HikariDataSource - HikariPool-1 - Start completed.
2025-02-04 20:37:12 WARN  org.hibernate.orm.deprecation - HHH90000025: H2Dialect does not need to be specified explicitly using 'hibernate.dialect' (remove the property setting and it will be selected by default)
2025-02-04 20:37:12 INFO  o.hibernate.orm.connections.pooling - HHH10001005: Database info:
	Database JDBC URL [Connecting through datasource 'HikariDataSource (HikariPool-1)']
	Database driver: undefined/unknown
	Database version: 2.3.232
	Autocommit mode: undefined/unknown
	Isolation level: undefined/unknown
	Minimum pool size: undefined/unknown
	Maximum pool size: undefined/unknown
2025-02-04 20:37:12 INFO  o.h.e.t.j.p.i.JtaPlatformInitiator - HHH000489: No JTA platform available (set 'hibernate.transaction.jta.platform' to enable JTA platform integration)
2025-02-04 20:37:12 INFO  o.s.o.j.LocalContainerEntityManagerFactoryBean - Initialized JPA EntityManagerFactory for persistence unit 'default'
2025-02-04 20:37:13 INFO  o.s.d.j.r.query.QueryEnhancerFactory - Hibernate is in classpath; If applicable, HQL parser will be used.
2025-02-04 20:37:13 WARN  o.s.b.a.o.j.JpaBaseConfiguration$JpaWebConfiguration - spring.jpa.open-in-view is enabled by default. Therefore, database queries may be performed during view rendering. Explicitly configure spring.jpa.open-in-view to disable this warning
2025-02-04 20:37:14 INFO  o.s.b.a.h.H2ConsoleAutoConfiguration - H2 console available at '/h2-console'. Database available at 'jdbc:h2:mem:bankappdb'
2025-02-04 20:37:14 INFO  i.m.b.AccountServiceOperationsTest - Started AccountServiceOperationsTest in 4.319 seconds (process running for 5.335)
2025-02-04 20:37:14 INFO  o.s.t.c.s.AnnotationConfigContextLoaderUtils - Could not detect default configuration classes for test class [info.mackiewicz.bankapp.BankAppIntegrationTests]: BankAppIntegrationTests does not declare any static, non-private, non-final, nested classes annotated with @Configuration.
2025-02-04 20:37:14 INFO  o.s.b.t.c.SpringBootTestContextBootstrapper - Found @SpringBootConfiguration info.mackiewicz.bankapp.BankAppApplication for test class info.mackiewicz.bankapp.BankAppIntegrationTests
2025-02-04 20:37:15 INFO  o.s.t.c.s.AnnotationConfigContextLoaderUtils - Could not detect default configuration classes for test class [info.mackiewicz.bankapp.PersonServiceIntegrationTest]: PersonServiceIntegrationTest does not declare any static, non-private, non-final, nested classes annotated with @Configuration.
2025-02-04 20:37:15 INFO  o.s.b.t.c.SpringBootTestContextBootstrapper - Found @SpringBootConfiguration info.mackiewicz.bankapp.BankAppApplication for test class info.mackiewicz.bankapp.PersonServiceIntegrationTest
2025-02-04 20:37:15 INFO  o.s.t.c.s.AnnotationConfigContextLoaderUtils - Could not detect default configuration classes for test class [info.mackiewicz.bankapp.TransactionStrategyIntegrationTest]: TransactionStrategyIntegrationTest does not declare any static, non-private, non-final, nested classes annotated with @Configuration.
2025-02-04 20:37:15 INFO  o.s.b.t.c.SpringBootTestContextBootstrapper - Found @SpringBootConfiguration info.mackiewicz.bankapp.BankAppApplication for test class info.mackiewicz.bankapp.TransactionStrategyIntegrationTest
2025-02-04 20:37:15 INFO  o.s.o.j.LocalContainerEntityManagerFactoryBean - Closing JPA EntityManagerFactory for persistence unit 'default'
2025-02-04 20:37:15 INFO  com.zaxxer.hikari.HikariDataSource - HikariPool-1 - Shutdown initiated...
2025-02-04 20:37:15 INFO  com.zaxxer.hikari.HikariDataSource - HikariPool-1 - Shutdown completed.
2025-02-04 20:44:20 INFO  o.s.t.c.s.AnnotationConfigContextLoaderUtils - Could not detect default configuration classes for test class [info.mackiewicz.bankapp.AccountServiceOperationsTest]: AccountServiceOperationsTest does not declare any static, non-private, non-final, nested classes annotated with @Configuration.
2025-02-04 20:44:20 INFO  o.s.b.t.c.SpringBootTestContextBootstrapper - Found @SpringBootConfiguration info.mackiewicz.bankapp.BankAppApplication for test class info.mackiewicz.bankapp.AccountServiceOperationsTest
2025-02-04 20:44:21 INFO  i.m.b.AccountServiceOperationsTest - Starting AccountServiceOperationsTest using Java 21.0.5 with PID 25552 (started by zizu4 in C:\Users\zizu4\IdeaProjects\BankApp)
2025-02-04 20:44:21 INFO  i.m.b.AccountServiceOperationsTest - No active profile set, falling back to 1 default profile: "default"
2025-02-04 20:44:21 INFO  o.s.d.r.c.RepositoryConfigurationDelegate - Bootstrapping Spring Data JPA repositories in DEFAULT mode.
2025-02-04 20:44:21 INFO  o.s.d.r.c.RepositoryConfigurationDelegate - Finished Spring Data repository scanning in 49 ms. Found 3 JPA repository interfaces.
2025-02-04 20:44:22 INFO  o.h.jpa.internal.util.LogHelper - HHH000204: Processing PersistenceUnitInfo [name: default]
2025-02-04 20:44:22 INFO  org.hibernate.Version - HHH000412: Hibernate ORM core version 6.6.5.Final
2025-02-04 20:44:22 INFO  o.h.c.i.RegionFactoryInitiator - HHH000026: Second-level cache disabled
2025-02-04 20:44:22 INFO  o.s.o.j.p.SpringPersistenceUnitInfo - No LoadTimeWeaver setup: ignoring JPA class transformer
2025-02-04 20:44:22 INFO  com.zaxxer.hikari.HikariDataSource - HikariPool-1 - Starting...
2025-02-04 20:44:22 INFO  com.zaxxer.hikari.pool.HikariPool - HikariPool-1 - Added connection conn0: url=jdbc:h2:mem:bankappdb user=SA
2025-02-04 20:44:22 INFO  com.zaxxer.hikari.HikariDataSource - HikariPool-1 - Start completed.
2025-02-04 20:44:22 WARN  org.hibernate.orm.deprecation - HHH90000025: H2Dialect does not need to be specified explicitly using 'hibernate.dialect' (remove the property setting and it will be selected by default)
2025-02-04 20:44:22 INFO  o.hibernate.orm.connections.pooling - HHH10001005: Database info:
	Database JDBC URL [Connecting through datasource 'HikariDataSource (HikariPool-1)']
	Database driver: undefined/unknown
	Database version: 2.3.232
	Autocommit mode: undefined/unknown
	Isolation level: undefined/unknown
	Minimum pool size: undefined/unknown
	Maximum pool size: undefined/unknown
2025-02-04 20:44:23 INFO  o.h.e.t.j.p.i.JtaPlatformInitiator - HHH000489: No JTA platform available (set 'hibernate.transaction.jta.platform' to enable JTA platform integration)
2025-02-04 20:44:23 INFO  o.s.o.j.LocalContainerEntityManagerFactoryBean - Initialized JPA EntityManagerFactory for persistence unit 'default'
2025-02-04 20:44:24 INFO  o.s.d.j.r.query.QueryEnhancerFactory - Hibernate is in classpath; If applicable, HQL parser will be used.
2025-02-04 20:44:24 WARN  o.s.b.a.o.j.JpaBaseConfiguration$JpaWebConfiguration - spring.jpa.open-in-view is enabled by default. Therefore, database queries may be performed during view rendering. Explicitly configure spring.jpa.open-in-view to disable this warning
2025-02-04 20:44:25 INFO  o.s.b.a.h.H2ConsoleAutoConfiguration - H2 console available at '/h2-console'. Database available at 'jdbc:h2:mem:bankappdb'
2025-02-04 20:44:25 INFO  i.m.b.AccountServiceOperationsTest - Started AccountServiceOperationsTest in 4.539 seconds (process running for 5.624)
2025-02-04 20:44:26 INFO  o.s.t.c.s.AnnotationConfigContextLoaderUtils - Could not detect default configuration classes for test class [info.mackiewicz.bankapp.BankAppIntegrationTests]: BankAppIntegrationTests does not declare any static, non-private, non-final, nested classes annotated with @Configuration.
2025-02-04 20:44:26 INFO  o.s.b.t.c.SpringBootTestContextBootstrapper - Found @SpringBootConfiguration info.mackiewicz.bankapp.BankAppApplication for test class info.mackiewicz.bankapp.BankAppIntegrationTests
2025-02-04 20:44:26 INFO  o.s.t.c.s.AnnotationConfigContextLoaderUtils - Could not detect default configuration classes for test class [info.mackiewicz.bankapp.PersonServiceIntegrationTest]: PersonServiceIntegrationTest does not declare any static, non-private, non-final, nested classes annotated with @Configuration.
2025-02-04 20:44:26 INFO  o.s.b.t.c.SpringBootTestContextBootstrapper - Found @SpringBootConfiguration info.mackiewicz.bankapp.BankAppApplication for test class info.mackiewicz.bankapp.PersonServiceIntegrationTest
2025-02-04 20:44:26 INFO  o.s.t.c.s.AnnotationConfigContextLoaderUtils - Could not detect default configuration classes for test class [info.mackiewicz.bankapp.TransactionStrategyIntegrationTest]: TransactionStrategyIntegrationTest does not declare any static, non-private, non-final, nested classes annotated with @Configuration.
2025-02-04 20:44:26 INFO  o.s.b.t.c.SpringBootTestContextBootstrapper - Found @SpringBootConfiguration info.mackiewicz.bankapp.BankAppApplication for test class info.mackiewicz.bankapp.TransactionStrategyIntegrationTest
2025-02-04 20:44:26 INFO  o.s.o.j.LocalContainerEntityManagerFactoryBean - Closing JPA EntityManagerFactory for persistence unit 'default'
2025-02-04 20:44:26 INFO  com.zaxxer.hikari.HikariDataSource - HikariPool-1 - Shutdown initiated...
2025-02-04 20:44:26 INFO  com.zaxxer.hikari.HikariDataSource - HikariPool-1 - Shutdown completed.
