2025-02-05 15:03:20 INFO  o.s.t.c.s.AnnotationConfigContextLoaderUtils - Could not detect default configuration classes for test class [info.mackiewicz.bankapp.TransactionServiceIntegrationTest]: TransactionServiceIntegrationTest does not declare any static, non-private, non-final, nested classes annotated with @Configuration.
2025-02-05 15:03:20 INFO  o.s.b.t.c.SpringBootTestContextBootstrapper - Found @SpringBootConfiguration info.mackiewicz.bankapp.BankAppApplication for test class info.mackiewicz.bankapp.TransactionServiceIntegrationTest
2025-02-05 15:03:20 INFO  i.m.b.TransactionServiceIntegrationTest - Starting TransactionServiceIntegrationTest using Java 21.0.5 with PID 22472 (started by zizu4 in C:\Users\zizu4\IdeaProjects\BankApp)
2025-02-05 15:03:20 INFO  i.m.b.TransactionServiceIntegrationTest - No active profile set, falling back to 1 default profile: "default"
2025-02-05 15:03:21 INFO  o.s.d.r.c.RepositoryConfigurationDelegate - Bootstrapping Spring Data JPA repositories in DEFAULT mode.
2025-02-05 15:03:21 INFO  o.s.d.r.c.RepositoryConfigurationDelegate - Finished Spring Data repository scanning in 57 ms. Found 3 JPA repository interfaces.
2025-02-05 15:03:22 INFO  o.h.jpa.internal.util.LogHelper - HHH000204: Processing PersistenceUnitInfo [name: default]
2025-02-05 15:03:22 INFO  org.hibernate.Version - HHH000412: Hibernate ORM core version 6.6.5.Final
2025-02-05 15:03:22 INFO  o.h.c.i.RegionFactoryInitiator - HHH000026: Second-level cache disabled
2025-02-05 15:03:22 INFO  o.s.o.j.p.SpringPersistenceUnitInfo - No LoadTimeWeaver setup: ignoring JPA class transformer
2025-02-05 15:03:22 INFO  com.zaxxer.hikari.HikariDataSource - HikariPool-1 - Starting...
2025-02-05 15:03:22 INFO  com.zaxxer.hikari.pool.HikariPool - HikariPool-1 - Added connection conn0: url=jdbc:h2:mem:bankappdb user=SA
2025-02-05 15:03:22 INFO  com.zaxxer.hikari.HikariDataSource - HikariPool-1 - Start completed.
2025-02-05 15:03:22 WARN  org.hibernate.orm.deprecation - HHH90000025: H2Dialect does not need to be specified explicitly using 'hibernate.dialect' (remove the property setting and it will be selected by default)
2025-02-05 15:03:22 INFO  o.hibernate.orm.connections.pooling - HHH10001005: Database info:
	Database JDBC URL [Connecting through datasource 'HikariDataSource (HikariPool-1)']
	Database driver: undefined/unknown
	Database version: 2.3.232
	Autocommit mode: undefined/unknown
	Isolation level: undefined/unknown
	Minimum pool size: undefined/unknown
	Maximum pool size: undefined/unknown
2025-02-05 15:03:23 INFO  o.h.e.t.j.p.i.JtaPlatformInitiator - HHH000489: No JTA platform available (set 'hibernate.transaction.jta.platform' to enable JTA platform integration)
2025-02-05 15:03:23 INFO  o.s.o.j.LocalContainerEntityManagerFactoryBean - Initialized JPA EntityManagerFactory for persistence unit 'default'
2025-02-05 15:03:24 INFO  o.s.d.j.r.query.QueryEnhancerFactory - Hibernate is in classpath; If applicable, HQL parser will be used.
2025-02-05 15:03:24 WARN  o.s.b.a.o.j.JpaBaseConfiguration$JpaWebConfiguration - spring.jpa.open-in-view is enabled by default. Therefore, database queries may be performed during view rendering. Explicitly configure spring.jpa.open-in-view to disable this warning
2025-02-05 15:03:25 INFO  o.s.b.a.h.H2ConsoleAutoConfiguration - H2 console available at '/h2-console'. Database available at 'jdbc:h2:mem:bankappdb'
2025-02-05 15:03:25 INFO  i.m.b.TransactionServiceIntegrationTest - Started TransactionServiceIntegrationTest in 4.531 seconds (process running for 5.877)
2025-02-05 15:03:25 INFO  o.s.o.j.LocalContainerEntityManagerFactoryBean - Closing JPA EntityManagerFactory for persistence unit 'default'
2025-02-05 15:03:25 INFO  com.zaxxer.hikari.HikariDataSource - HikariPool-1 - Shutdown initiated...
2025-02-05 15:03:25 INFO  com.zaxxer.hikari.HikariDataSource - HikariPool-1 - Shutdown completed.
2025-02-05 15:04:11 INFO  o.s.t.c.s.AnnotationConfigContextLoaderUtils - Could not detect default configuration classes for test class [info.mackiewicz.bankapp.TransactionServiceIntegrationTest]: TransactionServiceIntegrationTest does not declare any static, non-private, non-final, nested classes annotated with @Configuration.
2025-02-05 15:04:11 INFO  o.s.b.t.c.SpringBootTestContextBootstrapper - Found @SpringBootConfiguration info.mackiewicz.bankapp.BankAppApplication for test class info.mackiewicz.bankapp.TransactionServiceIntegrationTest
2025-02-05 15:04:12 INFO  i.m.b.TransactionServiceIntegrationTest - Starting TransactionServiceIntegrationTest using Java 21.0.5 with PID 22984 (started by zizu4 in C:\Users\zizu4\IdeaProjects\BankApp)
2025-02-05 15:04:12 INFO  i.m.b.TransactionServiceIntegrationTest - No active profile set, falling back to 1 default profile: "default"
2025-02-05 15:04:12 INFO  o.s.d.r.c.RepositoryConfigurationDelegate - Bootstrapping Spring Data JPA repositories in DEFAULT mode.
2025-02-05 15:04:12 INFO  o.s.d.r.c.RepositoryConfigurationDelegate - Finished Spring Data repository scanning in 60 ms. Found 3 JPA repository interfaces.
2025-02-05 15:04:13 INFO  o.h.jpa.internal.util.LogHelper - HHH000204: Processing PersistenceUnitInfo [name: default]
2025-02-05 15:04:13 INFO  org.hibernate.Version - HHH000412: Hibernate ORM core version 6.6.5.Final
2025-02-05 15:04:13 INFO  o.h.c.i.RegionFactoryInitiator - HHH000026: Second-level cache disabled
2025-02-05 15:04:13 INFO  o.s.o.j.p.SpringPersistenceUnitInfo - No LoadTimeWeaver setup: ignoring JPA class transformer
2025-02-05 15:04:13 INFO  com.zaxxer.hikari.HikariDataSource - HikariPool-1 - Starting...
2025-02-05 15:04:14 INFO  com.zaxxer.hikari.pool.HikariPool - HikariPool-1 - Added connection conn0: url=jdbc:h2:mem:bankappdb user=SA
2025-02-05 15:04:14 INFO  com.zaxxer.hikari.HikariDataSource - HikariPool-1 - Start completed.
2025-02-05 15:04:14 WARN  org.hibernate.orm.deprecation - HHH90000025: H2Dialect does not need to be specified explicitly using 'hibernate.dialect' (remove the property setting and it will be selected by default)
2025-02-05 15:04:14 INFO  o.hibernate.orm.connections.pooling - HHH10001005: Database info:
	Database JDBC URL [Connecting through datasource 'HikariDataSource (HikariPool-1)']
	Database driver: undefined/unknown
	Database version: 2.3.232
	Autocommit mode: undefined/unknown
	Isolation level: undefined/unknown
	Minimum pool size: undefined/unknown
	Maximum pool size: undefined/unknown
2025-02-05 15:04:15 INFO  o.h.e.t.j.p.i.JtaPlatformInitiator - HHH000489: No JTA platform available (set 'hibernate.transaction.jta.platform' to enable JTA platform integration)
2025-02-05 15:04:15 INFO  o.s.o.j.LocalContainerEntityManagerFactoryBean - Initialized JPA EntityManagerFactory for persistence unit 'default'
2025-02-05 15:04:15 INFO  o.s.d.j.r.query.QueryEnhancerFactory - Hibernate is in classpath; If applicable, HQL parser will be used.
2025-02-05 15:04:16 WARN  o.s.b.a.o.j.JpaBaseConfiguration$JpaWebConfiguration - spring.jpa.open-in-view is enabled by default. Therefore, database queries may be performed during view rendering. Explicitly configure spring.jpa.open-in-view to disable this warning
2025-02-05 15:04:16 INFO  o.s.b.a.h.H2ConsoleAutoConfiguration - H2 console available at '/h2-console'. Database available at 'jdbc:h2:mem:bankappdb'
2025-02-05 15:04:17 INFO  i.m.b.TransactionServiceIntegrationTest - Started TransactionServiceIntegrationTest in 5.108 seconds (process running for 6.818)
2025-02-05 15:04:17 INFO  o.s.o.j.LocalContainerEntityManagerFactoryBean - Closing JPA EntityManagerFactory for persistence unit 'default'
2025-02-05 15:04:17 INFO  com.zaxxer.hikari.HikariDataSource - HikariPool-1 - Shutdown initiated...
2025-02-05 15:04:17 INFO  com.zaxxer.hikari.HikariDataSource - HikariPool-1 - Shutdown completed.
2025-02-05 15:04:55 INFO  o.s.t.c.s.AnnotationConfigContextLoaderUtils - Could not detect default configuration classes for test class [info.mackiewicz.bankapp.TransactionServiceIntegrationTest]: TransactionServiceIntegrationTest does not declare any static, non-private, non-final, nested classes annotated with @Configuration.
2025-02-05 15:04:55 INFO  o.s.b.t.c.SpringBootTestContextBootstrapper - Found @SpringBootConfiguration info.mackiewicz.bankapp.BankAppApplication for test class info.mackiewicz.bankapp.TransactionServiceIntegrationTest
2025-02-05 15:04:55 INFO  i.m.b.TransactionServiceIntegrationTest - Starting TransactionServiceIntegrationTest using Java 21.0.5 with PID 23264 (started by zizu4 in C:\Users\zizu4\IdeaProjects\BankApp)
2025-02-05 15:04:55 INFO  i.m.b.TransactionServiceIntegrationTest - No active profile set, falling back to 1 default profile: "default"
2025-02-05 15:04:56 INFO  o.s.d.r.c.RepositoryConfigurationDelegate - Bootstrapping Spring Data JPA repositories in DEFAULT mode.
2025-02-05 15:04:56 INFO  o.s.d.r.c.RepositoryConfigurationDelegate - Finished Spring Data repository scanning in 57 ms. Found 3 JPA repository interfaces.
2025-02-05 15:04:56 INFO  o.h.jpa.internal.util.LogHelper - HHH000204: Processing PersistenceUnitInfo [name: default]
2025-02-05 15:04:56 INFO  org.hibernate.Version - HHH000412: Hibernate ORM core version 6.6.5.Final
2025-02-05 15:04:56 INFO  o.h.c.i.RegionFactoryInitiator - HHH000026: Second-level cache disabled
2025-02-05 15:04:57 INFO  o.s.o.j.p.SpringPersistenceUnitInfo - No LoadTimeWeaver setup: ignoring JPA class transformer
2025-02-05 15:04:57 INFO  com.zaxxer.hikari.HikariDataSource - HikariPool-1 - Starting...
2025-02-05 15:04:57 INFO  com.zaxxer.hikari.pool.HikariPool - HikariPool-1 - Added connection conn0: url=jdbc:h2:mem:bankappdb user=SA
2025-02-05 15:04:57 INFO  com.zaxxer.hikari.HikariDataSource - HikariPool-1 - Start completed.
2025-02-05 15:04:57 WARN  org.hibernate.orm.deprecation - HHH90000025: H2Dialect does not need to be specified explicitly using 'hibernate.dialect' (remove the property setting and it will be selected by default)
2025-02-05 15:04:57 INFO  o.hibernate.orm.connections.pooling - HHH10001005: Database info:
	Database JDBC URL [Connecting through datasource 'HikariDataSource (HikariPool-1)']
	Database driver: undefined/unknown
	Database version: 2.3.232
	Autocommit mode: undefined/unknown
	Isolation level: undefined/unknown
	Minimum pool size: undefined/unknown
	Maximum pool size: undefined/unknown
2025-02-05 15:04:58 INFO  o.h.e.t.j.p.i.JtaPlatformInitiator - HHH000489: No JTA platform available (set 'hibernate.transaction.jta.platform' to enable JTA platform integration)
2025-02-05 15:04:58 INFO  o.s.o.j.LocalContainerEntityManagerFactoryBean - Initialized JPA EntityManagerFactory for persistence unit 'default'
2025-02-05 15:04:59 INFO  o.s.d.j.r.query.QueryEnhancerFactory - Hibernate is in classpath; If applicable, HQL parser will be used.
2025-02-05 15:04:59 WARN  o.s.b.a.o.j.JpaBaseConfiguration$JpaWebConfiguration - spring.jpa.open-in-view is enabled by default. Therefore, database queries may be performed during view rendering. Explicitly configure spring.jpa.open-in-view to disable this warning
2025-02-05 15:05:00 INFO  o.s.b.a.h.H2ConsoleAutoConfiguration - H2 console available at '/h2-console'. Database available at 'jdbc:h2:mem:bankappdb'
2025-02-05 15:05:00 INFO  i.m.b.TransactionServiceIntegrationTest - Started TransactionServiceIntegrationTest in 4.877 seconds (process running for 6.445)
2025-02-05 15:08:17 WARN  com.zaxxer.hikari.pool.HikariPool - HikariPool-1 - Thread starvation or clock leap detected (housekeeper delta=2m35s19ms522µs600ns).
2025-02-05 15:08:17 INFO  o.s.o.j.LocalContainerEntityManagerFactoryBean - Closing JPA EntityManagerFactory for persistence unit 'default'
2025-02-05 15:08:17 INFO  com.zaxxer.hikari.HikariDataSource - HikariPool-1 - Shutdown initiated...
2025-02-05 15:08:17 INFO  com.zaxxer.hikari.HikariDataSource - HikariPool-1 - Shutdown completed.
2025-02-05 15:08:22 INFO  o.s.t.c.s.AnnotationConfigContextLoaderUtils - Could not detect default configuration classes for test class [info.mackiewicz.bankapp.TransactionServiceIntegrationTest]: TransactionServiceIntegrationTest does not declare any static, non-private, non-final, nested classes annotated with @Configuration.
2025-02-05 15:08:22 INFO  o.s.b.t.c.SpringBootTestContextBootstrapper - Found @SpringBootConfiguration info.mackiewicz.bankapp.BankAppApplication for test class info.mackiewicz.bankapp.TransactionServiceIntegrationTest
2025-02-05 15:08:22 INFO  i.m.b.TransactionServiceIntegrationTest - Starting TransactionServiceIntegrationTest using Java 21.0.5 with PID 24176 (started by zizu4 in C:\Users\zizu4\IdeaProjects\BankApp)
2025-02-05 15:08:22 INFO  i.m.b.TransactionServiceIntegrationTest - No active profile set, falling back to 1 default profile: "default"
2025-02-05 15:08:23 INFO  o.s.d.r.c.RepositoryConfigurationDelegate - Bootstrapping Spring Data JPA repositories in DEFAULT mode.
2025-02-05 15:08:23 INFO  o.s.d.r.c.RepositoryConfigurationDelegate - Finished Spring Data repository scanning in 66 ms. Found 3 JPA repository interfaces.
2025-02-05 15:08:23 INFO  o.h.jpa.internal.util.LogHelper - HHH000204: Processing PersistenceUnitInfo [name: default]
2025-02-05 15:08:23 INFO  org.hibernate.Version - HHH000412: Hibernate ORM core version 6.6.5.Final
2025-02-05 15:08:23 INFO  o.h.c.i.RegionFactoryInitiator - HHH000026: Second-level cache disabled
2025-02-05 15:08:24 INFO  o.s.o.j.p.SpringPersistenceUnitInfo - No LoadTimeWeaver setup: ignoring JPA class transformer
2025-02-05 15:08:24 INFO  com.zaxxer.hikari.HikariDataSource - HikariPool-1 - Starting...
2025-02-05 15:08:24 INFO  com.zaxxer.hikari.pool.HikariPool - HikariPool-1 - Added connection conn0: url=jdbc:h2:mem:bankappdb user=SA
2025-02-05 15:08:24 INFO  com.zaxxer.hikari.HikariDataSource - HikariPool-1 - Start completed.
2025-02-05 15:08:24 WARN  org.hibernate.orm.deprecation - HHH90000025: H2Dialect does not need to be specified explicitly using 'hibernate.dialect' (remove the property setting and it will be selected by default)
2025-02-05 15:08:24 INFO  o.hibernate.orm.connections.pooling - HHH10001005: Database info:
	Database JDBC URL [Connecting through datasource 'HikariDataSource (HikariPool-1)']
	Database driver: undefined/unknown
	Database version: 2.3.232
	Autocommit mode: undefined/unknown
	Isolation level: undefined/unknown
	Minimum pool size: undefined/unknown
	Maximum pool size: undefined/unknown
2025-02-05 15:08:25 INFO  o.h.e.t.j.p.i.JtaPlatformInitiator - HHH000489: No JTA platform available (set 'hibernate.transaction.jta.platform' to enable JTA platform integration)
2025-02-05 15:08:25 INFO  o.s.o.j.LocalContainerEntityManagerFactoryBean - Initialized JPA EntityManagerFactory for persistence unit 'default'
2025-02-05 15:08:25 INFO  o.s.d.j.r.query.QueryEnhancerFactory - Hibernate is in classpath; If applicable, HQL parser will be used.
2025-02-05 15:08:26 WARN  o.s.b.a.o.j.JpaBaseConfiguration$JpaWebConfiguration - spring.jpa.open-in-view is enabled by default. Therefore, database queries may be performed during view rendering. Explicitly configure spring.jpa.open-in-view to disable this warning
2025-02-05 15:08:26 INFO  o.s.b.a.h.H2ConsoleAutoConfiguration - H2 console available at '/h2-console'. Database available at 'jdbc:h2:mem:bankappdb'
2025-02-05 15:08:26 INFO  i.m.b.TransactionServiceIntegrationTest - Started TransactionServiceIntegrationTest in 4.374 seconds (process running for 5.7)
2025-02-05 15:08:27 INFO  BankApp.locks - Transaction ID: 1, Locked accounts: ID:1, N/A
2025-02-05 15:08:27 INFO  BankApp.transaction - Attempt Transaction
	ID: 1
	Type: Fee
	Amount: 50.00
	From: ID:1

2025-02-05 15:08:27 INFO  BankApp.locks - Transaction ID: 1, Unlocked accounts: ID:1, N/A
2025-02-05 15:08:27 INFO  BankApp.locks - Transaction ID: 2, Locked accounts: ID:2, ID:3
2025-02-05 15:08:27 INFO  BankApp.transaction - Attempt Transaction
	ID: 2
	Type: Transfer
	Amount: 200.00
	From: ID:2
	To: ID:3

2025-02-05 15:08:27 INFO  BankApp.locks - Transaction ID: 2, Unlocked accounts: ID:2, ID:3
2025-02-05 15:08:27 INFO  BankApp.locks - Transaction ID: 3, Locked accounts: ID:4, N/A
2025-02-05 15:08:27 INFO  BankApp.transaction - Attempt Transaction
	ID: 3
	Type: Withdrawal
	Amount: 300.00
	From: ID:4

2025-02-05 15:08:27 INFO  BankApp.locks - Transaction ID: 3, Unlocked accounts: ID:4, N/A
2025-02-05 15:08:27 INFO  BankApp.locks - Transaction ID: 4, Locked accounts: N/A, ID:5
2025-02-05 15:08:27 INFO  BankApp.transaction - Attempt Transaction
	ID: 4
	Type: Deposit
	Amount: 500.00
	To: ID:5

2025-02-05 15:08:27 INFO  BankApp.locks - Transaction ID: 4, Unlocked accounts: N/A, ID:5
2025-02-05 15:08:27 INFO  o.s.o.j.LocalContainerEntityManagerFactoryBean - Closing JPA EntityManagerFactory for persistence unit 'default'
2025-02-05 15:08:27 INFO  com.zaxxer.hikari.HikariDataSource - HikariPool-1 - Shutdown initiated...
2025-02-05 15:08:27 INFO  com.zaxxer.hikari.HikariDataSource - HikariPool-1 - Shutdown completed.
2025-02-05 15:08:41 INFO  o.s.t.c.s.AnnotationConfigContextLoaderUtils - Could not detect default configuration classes for test class [info.mackiewicz.bankapp.TransactionServiceIntegrationTest]: TransactionServiceIntegrationTest does not declare any static, non-private, non-final, nested classes annotated with @Configuration.
2025-02-05 15:08:41 INFO  o.s.b.t.c.SpringBootTestContextBootstrapper - Found @SpringBootConfiguration info.mackiewicz.bankapp.BankAppApplication for test class info.mackiewicz.bankapp.TransactionServiceIntegrationTest
2025-02-05 15:08:41 INFO  i.m.b.TransactionServiceIntegrationTest - Starting TransactionServiceIntegrationTest using Java 21.0.5 with PID 19364 (started by zizu4 in C:\Users\zizu4\IdeaProjects\BankApp)
2025-02-05 15:08:41 INFO  i.m.b.TransactionServiceIntegrationTest - No active profile set, falling back to 1 default profile: "default"
2025-02-05 15:08:42 INFO  o.s.d.r.c.RepositoryConfigurationDelegate - Bootstrapping Spring Data JPA repositories in DEFAULT mode.
2025-02-05 15:08:42 INFO  o.s.d.r.c.RepositoryConfigurationDelegate - Finished Spring Data repository scanning in 65 ms. Found 3 JPA repository interfaces.
2025-02-05 15:08:43 INFO  o.h.jpa.internal.util.LogHelper - HHH000204: Processing PersistenceUnitInfo [name: default]
2025-02-05 15:08:43 INFO  org.hibernate.Version - HHH000412: Hibernate ORM core version 6.6.5.Final
2025-02-05 15:08:43 INFO  o.h.c.i.RegionFactoryInitiator - HHH000026: Second-level cache disabled
2025-02-05 15:08:43 INFO  o.s.o.j.p.SpringPersistenceUnitInfo - No LoadTimeWeaver setup: ignoring JPA class transformer
2025-02-05 15:08:43 INFO  com.zaxxer.hikari.HikariDataSource - HikariPool-1 - Starting...
2025-02-05 15:08:43 INFO  com.zaxxer.hikari.pool.HikariPool - HikariPool-1 - Added connection conn0: url=jdbc:h2:mem:bankappdb user=SA
2025-02-05 15:08:43 INFO  com.zaxxer.hikari.HikariDataSource - HikariPool-1 - Start completed.
2025-02-05 15:08:43 WARN  org.hibernate.orm.deprecation - HHH90000025: H2Dialect does not need to be specified explicitly using 'hibernate.dialect' (remove the property setting and it will be selected by default)
2025-02-05 15:08:43 INFO  o.hibernate.orm.connections.pooling - HHH10001005: Database info:
	Database JDBC URL [Connecting through datasource 'HikariDataSource (HikariPool-1)']
	Database driver: undefined/unknown
	Database version: 2.3.232
	Autocommit mode: undefined/unknown
	Isolation level: undefined/unknown
	Minimum pool size: undefined/unknown
	Maximum pool size: undefined/unknown
2025-02-05 15:08:44 INFO  o.h.e.t.j.p.i.JtaPlatformInitiator - HHH000489: No JTA platform available (set 'hibernate.transaction.jta.platform' to enable JTA platform integration)
2025-02-05 15:08:44 INFO  o.s.o.j.LocalContainerEntityManagerFactoryBean - Initialized JPA EntityManagerFactory for persistence unit 'default'
2025-02-05 15:08:45 INFO  o.s.d.j.r.query.QueryEnhancerFactory - Hibernate is in classpath; If applicable, HQL parser will be used.
2025-02-05 15:08:45 WARN  o.s.b.a.o.j.JpaBaseConfiguration$JpaWebConfiguration - spring.jpa.open-in-view is enabled by default. Therefore, database queries may be performed during view rendering. Explicitly configure spring.jpa.open-in-view to disable this warning
2025-02-05 15:08:46 INFO  o.s.b.a.h.H2ConsoleAutoConfiguration - H2 console available at '/h2-console'. Database available at 'jdbc:h2:mem:bankappdb'
2025-02-05 15:08:46 INFO  i.m.b.TransactionServiceIntegrationTest - Started TransactionServiceIntegrationTest in 4.78 seconds (process running for 6.312)
2025-02-05 15:08:46 INFO  BankApp.locks - Transaction ID: 1, Locked accounts: ID:1, N/A
2025-02-05 15:08:46 INFO  BankApp.transaction - Attempt Transaction
	ID: 1
	Type: Fee
	Amount: 50.00
	From: ID:1

2025-02-05 15:08:46 INFO  BankApp.locks - Transaction ID: 1, Unlocked accounts: ID:1, N/A
2025-02-05 15:08:46 INFO  BankApp.locks - Transaction ID: 2, Locked accounts: ID:2, ID:3
2025-02-05 15:08:46 INFO  BankApp.transaction - Attempt Transaction
	ID: 2
	Type: Transfer
	Amount: 200.00
	From: ID:2
	To: ID:3

2025-02-05 15:08:46 INFO  BankApp.locks - Transaction ID: 2, Unlocked accounts: ID:2, ID:3
2025-02-05 15:08:46 INFO  BankApp.locks - Transaction ID: 3, Locked accounts: ID:4, N/A
2025-02-05 15:08:46 INFO  BankApp.transaction - Attempt Transaction
	ID: 3
	Type: Withdrawal
	Amount: 300.00
	From: ID:4

2025-02-05 15:08:46 INFO  BankApp.locks - Transaction ID: 3, Unlocked accounts: ID:4, N/A
2025-02-05 15:09:29 INFO  BankApp.locks - Transaction ID: 4, Locked accounts: N/A, ID:5
2025-02-05 15:09:29 INFO  BankApp.transaction - Attempt Transaction
	ID: 4
	Type: Deposit
	Amount: 500.00
	To: ID:5

2025-02-05 15:09:29 INFO  BankApp.locks - Transaction ID: 4, Unlocked accounts: N/A, ID:5
2025-02-05 15:09:59 INFO  o.s.o.j.LocalContainerEntityManagerFactoryBean - Closing JPA EntityManagerFactory for persistence unit 'default'
2025-02-05 15:09:59 INFO  com.zaxxer.hikari.HikariDataSource - HikariPool-1 - Shutdown initiated...
2025-02-05 15:09:59 INFO  com.zaxxer.hikari.HikariDataSource - HikariPool-1 - Shutdown completed.
2025-02-05 15:10:02 INFO  o.s.t.c.s.AnnotationConfigContextLoaderUtils - Could not detect default configuration classes for test class [info.mackiewicz.bankapp.TransactionServiceIntegrationTest]: TransactionServiceIntegrationTest does not declare any static, non-private, non-final, nested classes annotated with @Configuration.
2025-02-05 15:10:02 INFO  o.s.b.t.c.SpringBootTestContextBootstrapper - Found @SpringBootConfiguration info.mackiewicz.bankapp.BankAppApplication for test class info.mackiewicz.bankapp.TransactionServiceIntegrationTest
2025-02-05 15:10:03 INFO  i.m.b.TransactionServiceIntegrationTest - Starting TransactionServiceIntegrationTest using Java 21.0.5 with PID 6916 (started by zizu4 in C:\Users\zizu4\IdeaProjects\BankApp)
2025-02-05 15:10:03 INFO  i.m.b.TransactionServiceIntegrationTest - No active profile set, falling back to 1 default profile: "default"
2025-02-05 15:10:04 INFO  o.s.d.r.c.RepositoryConfigurationDelegate - Bootstrapping Spring Data JPA repositories in DEFAULT mode.
2025-02-05 15:10:04 INFO  o.s.d.r.c.RepositoryConfigurationDelegate - Finished Spring Data repository scanning in 54 ms. Found 3 JPA repository interfaces.
2025-02-05 15:10:04 INFO  o.h.jpa.internal.util.LogHelper - HHH000204: Processing PersistenceUnitInfo [name: default]
2025-02-05 15:10:04 INFO  org.hibernate.Version - HHH000412: Hibernate ORM core version 6.6.5.Final
2025-02-05 15:10:04 INFO  o.h.c.i.RegionFactoryInitiator - HHH000026: Second-level cache disabled
2025-02-05 15:10:05 INFO  o.s.o.j.p.SpringPersistenceUnitInfo - No LoadTimeWeaver setup: ignoring JPA class transformer
2025-02-05 15:10:05 INFO  com.zaxxer.hikari.HikariDataSource - HikariPool-1 - Starting...
2025-02-05 15:10:05 INFO  com.zaxxer.hikari.pool.HikariPool - HikariPool-1 - Added connection conn0: url=jdbc:h2:mem:bankappdb user=SA
2025-02-05 15:10:05 INFO  com.zaxxer.hikari.HikariDataSource - HikariPool-1 - Start completed.
2025-02-05 15:10:05 WARN  org.hibernate.orm.deprecation - HHH90000025: H2Dialect does not need to be specified explicitly using 'hibernate.dialect' (remove the property setting and it will be selected by default)
2025-02-05 15:10:05 INFO  o.hibernate.orm.connections.pooling - HHH10001005: Database info:
	Database JDBC URL [Connecting through datasource 'HikariDataSource (HikariPool-1)']
	Database driver: undefined/unknown
	Database version: 2.3.232
	Autocommit mode: undefined/unknown
	Isolation level: undefined/unknown
	Minimum pool size: undefined/unknown
	Maximum pool size: undefined/unknown
2025-02-05 15:10:06 INFO  o.h.e.t.j.p.i.JtaPlatformInitiator - HHH000489: No JTA platform available (set 'hibernate.transaction.jta.platform' to enable JTA platform integration)
2025-02-05 15:10:06 INFO  o.s.o.j.LocalContainerEntityManagerFactoryBean - Initialized JPA EntityManagerFactory for persistence unit 'default'
2025-02-05 15:10:06 INFO  o.s.d.j.r.query.QueryEnhancerFactory - Hibernate is in classpath; If applicable, HQL parser will be used.
2025-02-05 15:10:07 WARN  o.s.b.a.o.j.JpaBaseConfiguration$JpaWebConfiguration - spring.jpa.open-in-view is enabled by default. Therefore, database queries may be performed during view rendering. Explicitly configure spring.jpa.open-in-view to disable this warning
2025-02-05 15:10:07 INFO  o.s.b.a.h.H2ConsoleAutoConfiguration - H2 console available at '/h2-console'. Database available at 'jdbc:h2:mem:bankappdb'
2025-02-05 15:10:07 INFO  i.m.b.TransactionServiceIntegrationTest - Started TransactionServiceIntegrationTest in 4.828 seconds (process running for 6.28)
2025-02-05 15:10:08 INFO  BankApp.locks - Transaction ID: 1, Locked accounts: ID:1, N/A
2025-02-05 15:10:08 INFO  BankApp.transaction - Attempt Transaction
	ID: 1
	Type: Fee
	Amount: 50.00
	From: ID:1

2025-02-05 15:10:08 INFO  BankApp.locks - Transaction ID: 1, Unlocked accounts: ID:1, N/A
2025-02-05 15:10:08 INFO  BankApp.locks - Transaction ID: 2, Locked accounts: ID:2, ID:3
2025-02-05 15:10:08 INFO  BankApp.transaction - Attempt Transaction
	ID: 2
	Type: Transfer
	Amount: 200.00
	From: ID:2
	To: ID:3

2025-02-05 15:10:08 INFO  BankApp.locks - Transaction ID: 2, Unlocked accounts: ID:2, ID:3
2025-02-05 15:10:08 INFO  BankApp.locks - Transaction ID: 3, Locked accounts: ID:4, N/A
2025-02-05 15:10:08 INFO  BankApp.transaction - Attempt Transaction
	ID: 3
	Type: Withdrawal
	Amount: 300.00
	From: ID:4

2025-02-05 15:10:08 INFO  BankApp.locks - Transaction ID: 3, Unlocked accounts: ID:4, N/A
2025-02-05 15:10:10 INFO  BankApp.locks - Transaction ID: 4, Locked accounts: N/A, ID:5
2025-02-05 15:10:10 INFO  BankApp.transaction - Attempt Transaction
	ID: 4
	Type: Deposit
	Amount: 500.00
	To: ID:5

2025-02-05 15:10:10 INFO  BankApp.locks - Transaction ID: 4, Unlocked accounts: N/A, ID:5
2025-02-05 15:10:16 INFO  o.s.o.j.LocalContainerEntityManagerFactoryBean - Closing JPA EntityManagerFactory for persistence unit 'default'
2025-02-05 15:10:16 INFO  com.zaxxer.hikari.HikariDataSource - HikariPool-1 - Shutdown initiated...
2025-02-05 15:10:16 INFO  com.zaxxer.hikari.HikariDataSource - HikariPool-1 - Shutdown completed.
2025-02-05 15:10:19 INFO  o.s.t.c.s.AnnotationConfigContextLoaderUtils - Could not detect default configuration classes for test class [info.mackiewicz.bankapp.TransactionServiceIntegrationTest]: TransactionServiceIntegrationTest does not declare any static, non-private, non-final, nested classes annotated with @Configuration.
2025-02-05 15:10:19 INFO  o.s.b.t.c.SpringBootTestContextBootstrapper - Found @SpringBootConfiguration info.mackiewicz.bankapp.BankAppApplication for test class info.mackiewicz.bankapp.TransactionServiceIntegrationTest
2025-02-05 15:10:20 INFO  i.m.b.TransactionServiceIntegrationTest - Starting TransactionServiceIntegrationTest using Java 21.0.5 with PID 14020 (started by zizu4 in C:\Users\zizu4\IdeaProjects\BankApp)
2025-02-05 15:10:20 INFO  i.m.b.TransactionServiceIntegrationTest - No active profile set, falling back to 1 default profile: "default"
2025-02-05 15:10:20 INFO  o.s.d.r.c.RepositoryConfigurationDelegate - Bootstrapping Spring Data JPA repositories in DEFAULT mode.
2025-02-05 15:10:20 INFO  o.s.d.r.c.RepositoryConfigurationDelegate - Finished Spring Data repository scanning in 63 ms. Found 3 JPA repository interfaces.
2025-02-05 15:10:21 INFO  o.h.jpa.internal.util.LogHelper - HHH000204: Processing PersistenceUnitInfo [name: default]
2025-02-05 15:10:21 INFO  org.hibernate.Version - HHH000412: Hibernate ORM core version 6.6.5.Final
2025-02-05 15:10:21 INFO  o.h.c.i.RegionFactoryInitiator - HHH000026: Second-level cache disabled
2025-02-05 15:10:21 INFO  o.s.o.j.p.SpringPersistenceUnitInfo - No LoadTimeWeaver setup: ignoring JPA class transformer
2025-02-05 15:10:21 INFO  com.zaxxer.hikari.HikariDataSource - HikariPool-1 - Starting...
2025-02-05 15:10:21 INFO  com.zaxxer.hikari.pool.HikariPool - HikariPool-1 - Added connection conn0: url=jdbc:h2:mem:bankappdb user=SA
2025-02-05 15:10:21 INFO  com.zaxxer.hikari.HikariDataSource - HikariPool-1 - Start completed.
2025-02-05 15:10:21 WARN  org.hibernate.orm.deprecation - HHH90000025: H2Dialect does not need to be specified explicitly using 'hibernate.dialect' (remove the property setting and it will be selected by default)
2025-02-05 15:10:21 INFO  o.hibernate.orm.connections.pooling - HHH10001005: Database info:
	Database JDBC URL [Connecting through datasource 'HikariDataSource (HikariPool-1)']
	Database driver: undefined/unknown
	Database version: 2.3.232
	Autocommit mode: undefined/unknown
	Isolation level: undefined/unknown
	Minimum pool size: undefined/unknown
	Maximum pool size: undefined/unknown
2025-02-05 15:10:22 INFO  o.h.e.t.j.p.i.JtaPlatformInitiator - HHH000489: No JTA platform available (set 'hibernate.transaction.jta.platform' to enable JTA platform integration)
2025-02-05 15:10:22 INFO  o.s.o.j.LocalContainerEntityManagerFactoryBean - Initialized JPA EntityManagerFactory for persistence unit 'default'
2025-02-05 15:10:23 INFO  o.s.d.j.r.query.QueryEnhancerFactory - Hibernate is in classpath; If applicable, HQL parser will be used.
2025-02-05 15:10:23 WARN  o.s.b.a.o.j.JpaBaseConfiguration$JpaWebConfiguration - spring.jpa.open-in-view is enabled by default. Therefore, database queries may be performed during view rendering. Explicitly configure spring.jpa.open-in-view to disable this warning
2025-02-05 15:10:24 INFO  o.s.b.a.h.H2ConsoleAutoConfiguration - H2 console available at '/h2-console'. Database available at 'jdbc:h2:mem:bankappdb'
2025-02-05 15:10:24 INFO  i.m.b.TransactionServiceIntegrationTest - Started TransactionServiceIntegrationTest in 4.233 seconds (process running for 5.565)
2025-02-05 15:10:24 INFO  BankApp.locks - Transaction ID: 1, Locked accounts: ID:1, N/A
2025-02-05 15:10:24 INFO  BankApp.transaction - Attempt Transaction
	ID: 1
	Type: Fee
	Amount: 50.00
	From: ID:1

2025-02-05 15:10:24 INFO  BankApp.locks - Transaction ID: 1, Unlocked accounts: ID:1, N/A
2025-02-05 15:10:24 INFO  BankApp.locks - Transaction ID: 2, Locked accounts: ID:2, ID:3
2025-02-05 15:10:24 INFO  BankApp.transaction - Attempt Transaction
	ID: 2
	Type: Transfer
	Amount: 200.00
	From: ID:2
	To: ID:3

2025-02-05 15:10:24 INFO  BankApp.locks - Transaction ID: 2, Unlocked accounts: ID:2, ID:3
2025-02-05 15:10:24 INFO  BankApp.locks - Transaction ID: 3, Locked accounts: ID:4, N/A
2025-02-05 15:10:24 INFO  BankApp.transaction - Attempt Transaction
	ID: 3
	Type: Withdrawal
	Amount: 300.00
	From: ID:4

2025-02-05 15:10:24 INFO  BankApp.locks - Transaction ID: 3, Unlocked accounts: ID:4, N/A
2025-02-05 15:10:24 INFO  BankApp.locks - Transaction ID: 4, Locked accounts: N/A, ID:5
2025-02-05 15:10:24 INFO  BankApp.transaction - Attempt Transaction
	ID: 4
	Type: Deposit
	Amount: 500.00
	To: ID:5

2025-02-05 15:10:24 INFO  BankApp.locks - Transaction ID: 4, Unlocked accounts: N/A, ID:5
2025-02-05 15:10:24 INFO  o.s.o.j.LocalContainerEntityManagerFactoryBean - Closing JPA EntityManagerFactory for persistence unit 'default'
2025-02-05 15:10:24 INFO  com.zaxxer.hikari.HikariDataSource - HikariPool-1 - Shutdown initiated...
2025-02-05 15:10:24 INFO  com.zaxxer.hikari.HikariDataSource - HikariPool-1 - Shutdown completed.
2025-02-05 15:10:31 INFO  o.s.t.c.s.AnnotationConfigContextLoaderUtils - Could not detect default configuration classes for test class [info.mackiewicz.bankapp.TransactionServiceIntegrationTest]: TransactionServiceIntegrationTest does not declare any static, non-private, non-final, nested classes annotated with @Configuration.
2025-02-05 15:10:31 INFO  o.s.b.t.c.SpringBootTestContextBootstrapper - Found @SpringBootConfiguration info.mackiewicz.bankapp.BankAppApplication for test class info.mackiewicz.bankapp.TransactionServiceIntegrationTest
2025-02-05 15:10:31 INFO  i.m.b.TransactionServiceIntegrationTest - Starting TransactionServiceIntegrationTest using Java 21.0.5 with PID 14952 (started by zizu4 in C:\Users\zizu4\IdeaProjects\BankApp)
2025-02-05 15:10:31 INFO  i.m.b.TransactionServiceIntegrationTest - No active profile set, falling back to 1 default profile: "default"
2025-02-05 15:10:32 INFO  o.s.d.r.c.RepositoryConfigurationDelegate - Bootstrapping Spring Data JPA repositories in DEFAULT mode.
2025-02-05 15:10:32 INFO  o.s.d.r.c.RepositoryConfigurationDelegate - Finished Spring Data repository scanning in 57 ms. Found 3 JPA repository interfaces.
2025-02-05 15:10:33 INFO  o.h.jpa.internal.util.LogHelper - HHH000204: Processing PersistenceUnitInfo [name: default]
2025-02-05 15:10:33 INFO  org.hibernate.Version - HHH000412: Hibernate ORM core version 6.6.5.Final
2025-02-05 15:10:33 INFO  o.h.c.i.RegionFactoryInitiator - HHH000026: Second-level cache disabled
2025-02-05 15:10:33 INFO  o.s.o.j.p.SpringPersistenceUnitInfo - No LoadTimeWeaver setup: ignoring JPA class transformer
2025-02-05 15:10:34 INFO  com.zaxxer.hikari.HikariDataSource - HikariPool-1 - Starting...
2025-02-05 15:10:34 INFO  com.zaxxer.hikari.pool.HikariPool - HikariPool-1 - Added connection conn0: url=jdbc:h2:mem:bankappdb user=SA
2025-02-05 15:10:34 INFO  com.zaxxer.hikari.HikariDataSource - HikariPool-1 - Start completed.
2025-02-05 15:10:34 WARN  org.hibernate.orm.deprecation - HHH90000025: H2Dialect does not need to be specified explicitly using 'hibernate.dialect' (remove the property setting and it will be selected by default)
2025-02-05 15:10:34 INFO  o.hibernate.orm.connections.pooling - HHH10001005: Database info:
	Database JDBC URL [Connecting through datasource 'HikariDataSource (HikariPool-1)']
	Database driver: undefined/unknown
	Database version: 2.3.232
	Autocommit mode: undefined/unknown
	Isolation level: undefined/unknown
	Minimum pool size: undefined/unknown
	Maximum pool size: undefined/unknown
2025-02-05 15:10:35 INFO  o.h.e.t.j.p.i.JtaPlatformInitiator - HHH000489: No JTA platform available (set 'hibernate.transaction.jta.platform' to enable JTA platform integration)
2025-02-05 15:10:35 INFO  o.s.o.j.LocalContainerEntityManagerFactoryBean - Initialized JPA EntityManagerFactory for persistence unit 'default'
2025-02-05 15:10:35 INFO  o.s.d.j.r.query.QueryEnhancerFactory - Hibernate is in classpath; If applicable, HQL parser will be used.
2025-02-05 15:10:36 WARN  o.s.b.a.o.j.JpaBaseConfiguration$JpaWebConfiguration - spring.jpa.open-in-view is enabled by default. Therefore, database queries may be performed during view rendering. Explicitly configure spring.jpa.open-in-view to disable this warning
2025-02-05 15:10:36 INFO  o.s.b.a.h.H2ConsoleAutoConfiguration - H2 console available at '/h2-console'. Database available at 'jdbc:h2:mem:bankappdb'
2025-02-05 15:10:36 INFO  i.m.b.TransactionServiceIntegrationTest - Started TransactionServiceIntegrationTest in 5.257 seconds (process running for 6.726)
2025-02-05 15:10:37 INFO  BankApp.locks - Transaction ID: 1, Locked accounts: ID:1, N/A
2025-02-05 15:10:37 INFO  BankApp.transaction - Attempt Transaction
	ID: 1
	Type: Fee
	Amount: 50.00
	From: ID:1

2025-02-05 15:10:37 INFO  BankApp.locks - Transaction ID: 1, Unlocked accounts: ID:1, N/A
2025-02-05 15:10:37 INFO  BankApp.locks - Transaction ID: 2, Locked accounts: ID:2, ID:3
2025-02-05 15:10:37 INFO  BankApp.transaction - Attempt Transaction
	ID: 2
	Type: Transfer
	Amount: 200.00
	From: ID:2
	To: ID:3

2025-02-05 15:10:37 INFO  BankApp.locks - Transaction ID: 2, Unlocked accounts: ID:2, ID:3
2025-02-05 15:10:37 INFO  BankApp.locks - Transaction ID: 3, Locked accounts: ID:4, N/A
2025-02-05 15:10:37 INFO  BankApp.transaction - Attempt Transaction
	ID: 3
	Type: Withdrawal
	Amount: 300.00
	From: ID:4

2025-02-05 15:10:37 INFO  BankApp.locks - Transaction ID: 3, Unlocked accounts: ID:4, N/A
2025-02-05 15:11:00 INFO  BankApp.locks - Transaction ID: 4, Locked accounts: N/A, ID:5
2025-02-05 15:11:12 INFO  BankApp.transaction - Attempt Transaction
	ID: 4
	Type: Deposit
	Amount: 500.00
	To: ID:5

2025-02-05 15:11:34 INFO  BankApp.locks - Transaction ID: 4, Unlocked accounts: N/A, ID:5
2025-02-05 15:11:34 INFO  o.s.o.j.LocalContainerEntityManagerFactoryBean - Closing JPA EntityManagerFactory for persistence unit 'default'
2025-02-05 15:11:34 INFO  com.zaxxer.hikari.HikariDataSource - HikariPool-1 - Shutdown initiated...
2025-02-05 15:11:34 INFO  com.zaxxer.hikari.HikariDataSource - HikariPool-1 - Shutdown completed.
2025-02-05 15:11:37 INFO  o.s.t.c.s.AnnotationConfigContextLoaderUtils - Could not detect default configuration classes for test class [info.mackiewicz.bankapp.TransactionServiceIntegrationTest]: TransactionServiceIntegrationTest does not declare any static, non-private, non-final, nested classes annotated with @Configuration.
2025-02-05 15:11:37 INFO  o.s.b.t.c.SpringBootTestContextBootstrapper - Found @SpringBootConfiguration info.mackiewicz.bankapp.BankAppApplication for test class info.mackiewicz.bankapp.TransactionServiceIntegrationTest
2025-02-05 15:11:37 INFO  i.m.b.TransactionServiceIntegrationTest - Starting TransactionServiceIntegrationTest using Java 21.0.5 with PID 28116 (started by zizu4 in C:\Users\zizu4\IdeaProjects\BankApp)
2025-02-05 15:11:37 INFO  i.m.b.TransactionServiceIntegrationTest - No active profile set, falling back to 1 default profile: "default"
2025-02-05 15:11:38 INFO  o.s.d.r.c.RepositoryConfigurationDelegate - Bootstrapping Spring Data JPA repositories in DEFAULT mode.
2025-02-05 15:11:38 INFO  o.s.d.r.c.RepositoryConfigurationDelegate - Finished Spring Data repository scanning in 70 ms. Found 3 JPA repository interfaces.
2025-02-05 15:11:38 INFO  o.h.jpa.internal.util.LogHelper - HHH000204: Processing PersistenceUnitInfo [name: default]
2025-02-05 15:11:38 INFO  org.hibernate.Version - HHH000412: Hibernate ORM core version 6.6.5.Final
2025-02-05 15:11:38 INFO  o.h.c.i.RegionFactoryInitiator - HHH000026: Second-level cache disabled
2025-02-05 15:11:39 INFO  o.s.o.j.p.SpringPersistenceUnitInfo - No LoadTimeWeaver setup: ignoring JPA class transformer
2025-02-05 15:11:39 INFO  com.zaxxer.hikari.HikariDataSource - HikariPool-1 - Starting...
2025-02-05 15:11:39 INFO  com.zaxxer.hikari.pool.HikariPool - HikariPool-1 - Added connection conn0: url=jdbc:h2:mem:bankappdb user=SA
2025-02-05 15:11:39 INFO  com.zaxxer.hikari.HikariDataSource - HikariPool-1 - Start completed.
2025-02-05 15:11:39 WARN  org.hibernate.orm.deprecation - HHH90000025: H2Dialect does not need to be specified explicitly using 'hibernate.dialect' (remove the property setting and it will be selected by default)
2025-02-05 15:11:39 INFO  o.hibernate.orm.connections.pooling - HHH10001005: Database info:
	Database JDBC URL [Connecting through datasource 'HikariDataSource (HikariPool-1)']
	Database driver: undefined/unknown
	Database version: 2.3.232
	Autocommit mode: undefined/unknown
	Isolation level: undefined/unknown
	Minimum pool size: undefined/unknown
	Maximum pool size: undefined/unknown
2025-02-05 15:11:40 INFO  o.h.e.t.j.p.i.JtaPlatformInitiator - HHH000489: No JTA platform available (set 'hibernate.transaction.jta.platform' to enable JTA platform integration)
2025-02-05 15:11:40 INFO  o.s.o.j.LocalContainerEntityManagerFactoryBean - Initialized JPA EntityManagerFactory for persistence unit 'default'
2025-02-05 15:11:41 INFO  o.s.d.j.r.query.QueryEnhancerFactory - Hibernate is in classpath; If applicable, HQL parser will be used.
2025-02-05 15:11:41 WARN  o.s.b.a.o.j.JpaBaseConfiguration$JpaWebConfiguration - spring.jpa.open-in-view is enabled by default. Therefore, database queries may be performed during view rendering. Explicitly configure spring.jpa.open-in-view to disable this warning
2025-02-05 15:11:42 INFO  o.s.b.a.h.H2ConsoleAutoConfiguration - H2 console available at '/h2-console'. Database available at 'jdbc:h2:mem:bankappdb'
2025-02-05 15:11:42 INFO  i.m.b.TransactionServiceIntegrationTest - Started TransactionServiceIntegrationTest in 4.742 seconds (process running for 6.147)
2025-02-05 15:11:42 INFO  BankApp.locks - Transaction ID: 1, Locked accounts: ID:1, N/A
2025-02-05 15:11:42 INFO  BankApp.transaction - Attempt Transaction
	ID: 1
	Type: Fee
	Amount: 50.00
	From: ID:1

2025-02-05 15:11:42 INFO  BankApp.locks - Transaction ID: 1, Unlocked accounts: ID:1, N/A
2025-02-05 15:11:42 INFO  BankApp.locks - Transaction ID: 2, Locked accounts: ID:2, ID:3
2025-02-05 15:11:42 INFO  BankApp.transaction - Attempt Transaction
	ID: 2
	Type: Transfer
	Amount: 200.00
	From: ID:2
	To: ID:3

2025-02-05 15:11:42 INFO  BankApp.locks - Transaction ID: 2, Unlocked accounts: ID:2, ID:3
2025-02-05 15:11:42 INFO  BankApp.locks - Transaction ID: 3, Locked accounts: ID:4, N/A
2025-02-05 15:11:42 INFO  BankApp.transaction - Attempt Transaction
	ID: 3
	Type: Withdrawal
	Amount: 300.00
	From: ID:4

2025-02-05 15:11:42 INFO  BankApp.locks - Transaction ID: 3, Unlocked accounts: ID:4, N/A
2025-02-05 15:11:42 INFO  BankApp.locks - Transaction ID: 4, Locked accounts: N/A, ID:5
2025-02-05 15:11:42 INFO  BankApp.transaction - Attempt Transaction
	ID: 4
	Type: Deposit
	Amount: 500.00
	To: ID:5

2025-02-05 15:11:42 INFO  BankApp.locks - Transaction ID: 4, Unlocked accounts: N/A, ID:5
2025-02-05 15:11:42 INFO  o.s.o.j.LocalContainerEntityManagerFactoryBean - Closing JPA EntityManagerFactory for persistence unit 'default'
2025-02-05 15:11:42 INFO  com.zaxxer.hikari.HikariDataSource - HikariPool-1 - Shutdown initiated...
2025-02-05 15:11:42 INFO  com.zaxxer.hikari.HikariDataSource - HikariPool-1 - Shutdown completed.
2025-02-05 15:11:47 INFO  o.s.t.c.s.AnnotationConfigContextLoaderUtils - Could not detect default configuration classes for test class [info.mackiewicz.bankapp.TransactionServiceIntegrationTest]: TransactionServiceIntegrationTest does not declare any static, non-private, non-final, nested classes annotated with @Configuration.
2025-02-05 15:11:47 INFO  o.s.b.t.c.SpringBootTestContextBootstrapper - Found @SpringBootConfiguration info.mackiewicz.bankapp.BankAppApplication for test class info.mackiewicz.bankapp.TransactionServiceIntegrationTest
2025-02-05 15:11:47 INFO  i.m.b.TransactionServiceIntegrationTest - Starting TransactionServiceIntegrationTest using Java 21.0.5 with PID 13884 (started by zizu4 in C:\Users\zizu4\IdeaProjects\BankApp)
2025-02-05 15:11:47 INFO  i.m.b.TransactionServiceIntegrationTest - No active profile set, falling back to 1 default profile: "default"
2025-02-05 15:11:48 INFO  o.s.d.r.c.RepositoryConfigurationDelegate - Bootstrapping Spring Data JPA repositories in DEFAULT mode.
2025-02-05 15:11:48 INFO  o.s.d.r.c.RepositoryConfigurationDelegate - Finished Spring Data repository scanning in 58 ms. Found 3 JPA repository interfaces.
2025-02-05 15:11:49 INFO  o.h.jpa.internal.util.LogHelper - HHH000204: Processing PersistenceUnitInfo [name: default]
2025-02-05 15:11:49 INFO  org.hibernate.Version - HHH000412: Hibernate ORM core version 6.6.5.Final
2025-02-05 15:11:49 INFO  o.h.c.i.RegionFactoryInitiator - HHH000026: Second-level cache disabled
2025-02-05 15:11:49 INFO  o.s.o.j.p.SpringPersistenceUnitInfo - No LoadTimeWeaver setup: ignoring JPA class transformer
2025-02-05 15:11:49 INFO  com.zaxxer.hikari.HikariDataSource - HikariPool-1 - Starting...
2025-02-05 15:11:50 INFO  com.zaxxer.hikari.pool.HikariPool - HikariPool-1 - Added connection conn0: url=jdbc:h2:mem:bankappdb user=SA
2025-02-05 15:11:50 INFO  com.zaxxer.hikari.HikariDataSource - HikariPool-1 - Start completed.
2025-02-05 15:11:50 WARN  org.hibernate.orm.deprecation - HHH90000025: H2Dialect does not need to be specified explicitly using 'hibernate.dialect' (remove the property setting and it will be selected by default)
2025-02-05 15:11:50 INFO  o.hibernate.orm.connections.pooling - HHH10001005: Database info:
	Database JDBC URL [Connecting through datasource 'HikariDataSource (HikariPool-1)']
	Database driver: undefined/unknown
	Database version: 2.3.232
	Autocommit mode: undefined/unknown
	Isolation level: undefined/unknown
	Minimum pool size: undefined/unknown
	Maximum pool size: undefined/unknown
2025-02-05 15:11:50 INFO  o.h.e.t.j.p.i.JtaPlatformInitiator - HHH000489: No JTA platform available (set 'hibernate.transaction.jta.platform' to enable JTA platform integration)
2025-02-05 15:11:51 INFO  o.s.o.j.LocalContainerEntityManagerFactoryBean - Initialized JPA EntityManagerFactory for persistence unit 'default'
2025-02-05 15:11:51 INFO  o.s.d.j.r.query.QueryEnhancerFactory - Hibernate is in classpath; If applicable, HQL parser will be used.
2025-02-05 15:11:52 WARN  o.s.b.a.o.j.JpaBaseConfiguration$JpaWebConfiguration - spring.jpa.open-in-view is enabled by default. Therefore, database queries may be performed during view rendering. Explicitly configure spring.jpa.open-in-view to disable this warning
2025-02-05 15:11:52 INFO  o.s.b.a.h.H2ConsoleAutoConfiguration - H2 console available at '/h2-console'. Database available at 'jdbc:h2:mem:bankappdb'
2025-02-05 15:11:52 INFO  i.m.b.TransactionServiceIntegrationTest - Started TransactionServiceIntegrationTest in 4.928 seconds (process running for 6.405)
2025-02-05 15:11:53 INFO  BankApp.locks - Transaction ID: 1, Locked accounts: ID:1, N/A
2025-02-05 15:11:53 INFO  BankApp.transaction - Attempt Transaction
	ID: 1
	Type: Fee
	Amount: 50.00
	From: ID:1

2025-02-05 15:11:53 INFO  BankApp.locks - Transaction ID: 1, Unlocked accounts: ID:1, N/A
2025-02-05 15:11:53 INFO  BankApp.locks - Transaction ID: 2, Locked accounts: ID:2, ID:3
2025-02-05 15:11:53 INFO  BankApp.transaction - Attempt Transaction
	ID: 2
	Type: Transfer
	Amount: 200.00
	From: ID:2
	To: ID:3

2025-02-05 15:11:53 INFO  BankApp.locks - Transaction ID: 2, Unlocked accounts: ID:2, ID:3
2025-02-05 15:11:53 INFO  BankApp.locks - Transaction ID: 3, Locked accounts: ID:4, N/A
2025-02-05 15:11:53 INFO  BankApp.transaction - Attempt Transaction
	ID: 3
	Type: Withdrawal
	Amount: 300.00
	From: ID:4

2025-02-05 15:11:53 INFO  BankApp.locks - Transaction ID: 3, Unlocked accounts: ID:4, N/A
2025-02-05 15:12:07 INFO  BankApp.locks - Transaction ID: 4, Locked accounts: N/A, ID:5
2025-02-05 15:12:10 INFO  BankApp.transaction - Attempt Transaction
	ID: 4
	Type: Deposit
	Amount: 500.00
	To: ID:5

2025-02-05 15:12:29 INFO  BankApp.locks - Transaction ID: 4, Unlocked accounts: N/A, ID:5
2025-02-05 15:12:29 INFO  o.s.o.j.LocalContainerEntityManagerFactoryBean - Closing JPA EntityManagerFactory for persistence unit 'default'
2025-02-05 15:12:29 INFO  com.zaxxer.hikari.HikariDataSource - HikariPool-1 - Shutdown initiated...
2025-02-05 15:12:29 INFO  com.zaxxer.hikari.HikariDataSource - HikariPool-1 - Shutdown completed.
2025-02-05 15:13:21 INFO  o.s.t.c.s.AnnotationConfigContextLoaderUtils - Could not detect default configuration classes for test class [info.mackiewicz.bankapp.TransactionServiceIntegrationTest]: TransactionServiceIntegrationTest does not declare any static, non-private, non-final, nested classes annotated with @Configuration.
2025-02-05 15:13:21 INFO  o.s.b.t.c.SpringBootTestContextBootstrapper - Found @SpringBootConfiguration info.mackiewicz.bankapp.BankAppApplication for test class info.mackiewicz.bankapp.TransactionServiceIntegrationTest
2025-02-05 15:13:21 INFO  i.m.b.TransactionServiceIntegrationTest - Starting TransactionServiceIntegrationTest using Java 21.0.5 with PID 15452 (started by zizu4 in C:\Users\zizu4\IdeaProjects\BankApp)
2025-02-05 15:13:21 INFO  i.m.b.TransactionServiceIntegrationTest - No active profile set, falling back to 1 default profile: "default"
2025-02-05 15:13:22 INFO  o.s.d.r.c.RepositoryConfigurationDelegate - Bootstrapping Spring Data JPA repositories in DEFAULT mode.
2025-02-05 15:13:22 INFO  o.s.d.r.c.RepositoryConfigurationDelegate - Finished Spring Data repository scanning in 54 ms. Found 3 JPA repository interfaces.
2025-02-05 15:13:23 INFO  o.h.jpa.internal.util.LogHelper - HHH000204: Processing PersistenceUnitInfo [name: default]
2025-02-05 15:13:23 INFO  org.hibernate.Version - HHH000412: Hibernate ORM core version 6.6.5.Final
2025-02-05 15:13:23 INFO  o.h.c.i.RegionFactoryInitiator - HHH000026: Second-level cache disabled
2025-02-05 15:13:23 INFO  o.s.o.j.p.SpringPersistenceUnitInfo - No LoadTimeWeaver setup: ignoring JPA class transformer
2025-02-05 15:13:23 INFO  com.zaxxer.hikari.HikariDataSource - HikariPool-1 - Starting...
2025-02-05 15:13:23 INFO  com.zaxxer.hikari.pool.HikariPool - HikariPool-1 - Added connection conn0: url=jdbc:h2:mem:bankappdb user=SA
2025-02-05 15:13:23 INFO  com.zaxxer.hikari.HikariDataSource - HikariPool-1 - Start completed.
2025-02-05 15:13:23 WARN  org.hibernate.orm.deprecation - HHH90000025: H2Dialect does not need to be specified explicitly using 'hibernate.dialect' (remove the property setting and it will be selected by default)
2025-02-05 15:13:23 INFO  o.hibernate.orm.connections.pooling - HHH10001005: Database info:
	Database JDBC URL [Connecting through datasource 'HikariDataSource (HikariPool-1)']
	Database driver: undefined/unknown
	Database version: 2.3.232
	Autocommit mode: undefined/unknown
	Isolation level: undefined/unknown
	Minimum pool size: undefined/unknown
	Maximum pool size: undefined/unknown
2025-02-05 15:13:24 INFO  o.h.e.t.j.p.i.JtaPlatformInitiator - HHH000489: No JTA platform available (set 'hibernate.transaction.jta.platform' to enable JTA platform integration)
2025-02-05 15:13:24 INFO  o.s.o.j.LocalContainerEntityManagerFactoryBean - Initialized JPA EntityManagerFactory for persistence unit 'default'
2025-02-05 15:13:25 INFO  o.s.d.j.r.query.QueryEnhancerFactory - Hibernate is in classpath; If applicable, HQL parser will be used.
2025-02-05 15:13:25 WARN  o.s.b.a.o.j.JpaBaseConfiguration$JpaWebConfiguration - spring.jpa.open-in-view is enabled by default. Therefore, database queries may be performed during view rendering. Explicitly configure spring.jpa.open-in-view to disable this warning
2025-02-05 15:13:25 INFO  o.s.b.a.h.H2ConsoleAutoConfiguration - H2 console available at '/h2-console'. Database available at 'jdbc:h2:mem:bankappdb'
2025-02-05 15:13:26 INFO  i.m.b.TransactionServiceIntegrationTest - Started TransactionServiceIntegrationTest in 4.306 seconds (process running for 5.593)
2025-02-05 15:13:26 INFO  BankApp.locks - Transaction ID: 1, Locked accounts: ID:1, N/A
2025-02-05 15:13:26 INFO  BankApp.transaction - Attempt Transaction
	ID: 1
	Type: Fee
	Amount: 50.00
	From: ID:1

2025-02-05 15:13:26 INFO  BankApp.locks - Transaction ID: 1, Unlocked accounts: ID:1, N/A
2025-02-05 15:13:26 INFO  BankApp.locks - Transaction ID: 2, Locked accounts: ID:2, ID:3
2025-02-05 15:13:26 INFO  BankApp.transaction - Attempt Transaction
	ID: 2
	Type: Transfer
	Amount: 200.00
	From: ID:2
	To: ID:3

2025-02-05 15:13:26 INFO  BankApp.locks - Transaction ID: 2, Unlocked accounts: ID:2, ID:3
2025-02-05 15:13:26 INFO  BankApp.locks - Transaction ID: 3, Locked accounts: ID:4, N/A
2025-02-05 15:13:26 INFO  BankApp.transaction - Attempt Transaction
	ID: 3
	Type: Withdrawal
	Amount: 300.00
	From: ID:4

2025-02-05 15:13:26 INFO  BankApp.locks - Transaction ID: 3, Unlocked accounts: ID:4, N/A
2025-02-05 15:13:26 INFO  BankApp.locks - Transaction ID: 4, Locked accounts: N/A, ID:5
2025-02-05 15:13:26 INFO  BankApp.transaction - Attempt Transaction
	ID: 4
	Type: Deposit
	Amount: 500.00
	To: ID:5

2025-02-05 15:13:26 INFO  BankApp.locks - Transaction ID: 4, Unlocked accounts: N/A, ID:5
2025-02-05 15:13:26 INFO  o.s.o.j.LocalContainerEntityManagerFactoryBean - Closing JPA EntityManagerFactory for persistence unit 'default'
2025-02-05 15:13:26 INFO  com.zaxxer.hikari.HikariDataSource - HikariPool-1 - Shutdown initiated...
2025-02-05 15:13:26 INFO  com.zaxxer.hikari.HikariDataSource - HikariPool-1 - Shutdown completed.
2025-02-05 15:41:28 INFO  o.s.t.c.s.AnnotationConfigContextLoaderUtils - Could not detect default configuration classes for test class [info.mackiewicz.bankapp.TransactionServiceIntegrationTest]: TransactionServiceIntegrationTest does not declare any static, non-private, non-final, nested classes annotated with @Configuration.
2025-02-05 15:41:28 INFO  o.s.b.t.c.SpringBootTestContextBootstrapper - Found @SpringBootConfiguration info.mackiewicz.bankapp.BankAppApplication for test class info.mackiewicz.bankapp.TransactionServiceIntegrationTest
2025-02-05 15:41:29 INFO  i.m.b.TransactionServiceIntegrationTest - Starting TransactionServiceIntegrationTest using Java 21.0.5 with PID 17188 (started by zizu4 in C:\Users\zizu4\IdeaProjects\BankApp)
2025-02-05 15:41:29 INFO  i.m.b.TransactionServiceIntegrationTest - No active profile set, falling back to 1 default profile: "default"
2025-02-05 15:41:29 INFO  o.s.d.r.c.RepositoryConfigurationDelegate - Bootstrapping Spring Data JPA repositories in DEFAULT mode.
2025-02-05 15:41:29 INFO  o.s.d.r.c.RepositoryConfigurationDelegate - Finished Spring Data repository scanning in 53 ms. Found 3 JPA repository interfaces.
2025-02-05 15:41:30 INFO  o.h.jpa.internal.util.LogHelper - HHH000204: Processing PersistenceUnitInfo [name: default]
2025-02-05 15:41:30 INFO  org.hibernate.Version - HHH000412: Hibernate ORM core version 6.6.5.Final
2025-02-05 15:41:30 INFO  o.h.c.i.RegionFactoryInitiator - HHH000026: Second-level cache disabled
2025-02-05 15:41:30 INFO  o.s.o.j.p.SpringPersistenceUnitInfo - No LoadTimeWeaver setup: ignoring JPA class transformer
2025-02-05 15:41:30 INFO  com.zaxxer.hikari.HikariDataSource - HikariPool-1 - Starting...
2025-02-05 15:41:31 INFO  com.zaxxer.hikari.pool.HikariPool - HikariPool-1 - Added connection conn0: url=jdbc:h2:mem:bankappdb user=SA
2025-02-05 15:41:31 INFO  com.zaxxer.hikari.HikariDataSource - HikariPool-1 - Start completed.
2025-02-05 15:41:31 WARN  org.hibernate.orm.deprecation - HHH90000025: H2Dialect does not need to be specified explicitly using 'hibernate.dialect' (remove the property setting and it will be selected by default)
2025-02-05 15:41:31 INFO  o.hibernate.orm.connections.pooling - HHH10001005: Database info:
	Database JDBC URL [Connecting through datasource 'HikariDataSource (HikariPool-1)']
	Database driver: undefined/unknown
	Database version: 2.3.232
	Autocommit mode: undefined/unknown
	Isolation level: undefined/unknown
	Minimum pool size: undefined/unknown
	Maximum pool size: undefined/unknown
2025-02-05 15:41:31 INFO  o.h.e.t.j.p.i.JtaPlatformInitiator - HHH000489: No JTA platform available (set 'hibernate.transaction.jta.platform' to enable JTA platform integration)
2025-02-05 15:41:32 INFO  o.s.o.j.LocalContainerEntityManagerFactoryBean - Initialized JPA EntityManagerFactory for persistence unit 'default'
2025-02-05 15:41:32 INFO  o.s.d.j.r.query.QueryEnhancerFactory - Hibernate is in classpath; If applicable, HQL parser will be used.
2025-02-05 15:41:33 WARN  o.s.b.a.o.j.JpaBaseConfiguration$JpaWebConfiguration - spring.jpa.open-in-view is enabled by default. Therefore, database queries may be performed during view rendering. Explicitly configure spring.jpa.open-in-view to disable this warning
2025-02-05 15:41:33 INFO  o.s.b.a.h.H2ConsoleAutoConfiguration - H2 console available at '/h2-console'. Database available at 'jdbc:h2:mem:bankappdb'
2025-02-05 15:41:33 INFO  i.m.b.TransactionServiceIntegrationTest - Started TransactionServiceIntegrationTest in 4.726 seconds (process running for 6.195)
2025-02-05 15:41:33 INFO  BankApp.locks - Transaction ID: 1, Locked accounts: ID:1, N/A
2025-02-05 15:41:33 INFO  BankApp.transaction - Attempt Transaction
	ID: 1
	Type: Fee
	Amount: 50.00
	From: ID:1

2025-02-05 15:41:34 INFO  BankApp.transaction - Successful Transaction
	ID: 1
	Fee: 50,00
	From: ID:1
2025-02-05 15:41:34 INFO  BankApp.locks - Transaction ID: 1, Unlocked accounts: ID:1, N/A
2025-02-05 15:41:34 INFO  BankApp.locks - Transaction ID: 2, Locked accounts: ID:2, ID:3
2025-02-05 15:41:34 INFO  BankApp.transaction - Attempt Transaction
	ID: 2
	Type: Transfer
	Amount: 200.00
	From: ID:2
	To: ID:3

2025-02-05 15:41:35 INFO  BankApp.transaction - Successful Transaction
	ID: 2
	Amount Sent: 200,00
	From: ID:2
	To: ID:3
2025-02-05 15:41:35 INFO  BankApp.locks - Transaction ID: 2, Unlocked accounts: ID:2, ID:3
2025-02-05 15:41:35 INFO  BankApp.locks - Transaction ID: 3, Locked accounts: ID:4, N/A
2025-02-05 15:41:35 INFO  BankApp.transaction - Attempt Transaction
	ID: 3
	Type: Withdrawal
	Amount: 300.00
	From: ID:4

2025-02-05 15:41:35 INFO  BankApp.transaction - Successful Transaction
	ID: 3
	Withdrawn: 300,00
	From: ID:4
2025-02-05 15:41:35 INFO  BankApp.locks - Transaction ID: 3, Unlocked accounts: ID:4, N/A
2025-02-05 15:41:35 INFO  BankApp.locks - Transaction ID: 4, Locked accounts: N/A, ID:5
2025-02-05 15:41:35 INFO  BankApp.transaction - Attempt Transaction
	ID: 4
	Type: Deposit
	Amount: 500.00
	To: ID:5

2025-02-05 15:41:36 INFO  BankApp.transaction - Successful Transaction
	ID: 4
	Deposited: 500,00
	To: ID:5
2025-02-05 15:41:36 INFO  BankApp.locks - Transaction ID: 4, Unlocked accounts: N/A, ID:5
2025-02-05 15:41:36 INFO  o.s.o.j.LocalContainerEntityManagerFactoryBean - Closing JPA EntityManagerFactory for persistence unit 'default'
2025-02-05 15:41:36 INFO  com.zaxxer.hikari.HikariDataSource - HikariPool-1 - Shutdown initiated...
2025-02-05 15:41:36 INFO  com.zaxxer.hikari.HikariDataSource - HikariPool-1 - Shutdown completed.
2025-02-05 15:43:55 INFO  o.s.t.c.s.AnnotationConfigContextLoaderUtils - Could not detect default configuration classes for test class [info.mackiewicz.bankapp.TransactionServiceIntegrationTest]: TransactionServiceIntegrationTest does not declare any static, non-private, non-final, nested classes annotated with @Configuration.
2025-02-05 15:43:55 INFO  o.s.b.t.c.SpringBootTestContextBootstrapper - Found @SpringBootConfiguration info.mackiewicz.bankapp.BankAppApplication for test class info.mackiewicz.bankapp.TransactionServiceIntegrationTest
2025-02-05 15:43:56 INFO  i.m.b.TransactionServiceIntegrationTest - Starting TransactionServiceIntegrationTest using Java 21.0.5 with PID 17968 (started by zizu4 in C:\Users\zizu4\IdeaProjects\BankApp)
2025-02-05 15:43:56 INFO  i.m.b.TransactionServiceIntegrationTest - No active profile set, falling back to 1 default profile: "default"
2025-02-05 15:43:56 INFO  o.s.d.r.c.RepositoryConfigurationDelegate - Bootstrapping Spring Data JPA repositories in DEFAULT mode.
2025-02-05 15:43:56 INFO  o.s.d.r.c.RepositoryConfigurationDelegate - Finished Spring Data repository scanning in 56 ms. Found 3 JPA repository interfaces.
2025-02-05 15:43:57 INFO  o.h.jpa.internal.util.LogHelper - HHH000204: Processing PersistenceUnitInfo [name: default]
2025-02-05 15:43:57 INFO  org.hibernate.Version - HHH000412: Hibernate ORM core version 6.6.5.Final
2025-02-05 15:43:57 INFO  o.h.c.i.RegionFactoryInitiator - HHH000026: Second-level cache disabled
2025-02-05 15:43:57 INFO  o.s.o.j.p.SpringPersistenceUnitInfo - No LoadTimeWeaver setup: ignoring JPA class transformer
2025-02-05 15:43:57 INFO  com.zaxxer.hikari.HikariDataSource - HikariPool-1 - Starting...
2025-02-05 15:43:58 INFO  com.zaxxer.hikari.pool.HikariPool - HikariPool-1 - Added connection conn0: url=jdbc:h2:mem:bankappdb user=SA
2025-02-05 15:43:58 INFO  com.zaxxer.hikari.HikariDataSource - HikariPool-1 - Start completed.
2025-02-05 15:43:58 WARN  org.hibernate.orm.deprecation - HHH90000025: H2Dialect does not need to be specified explicitly using 'hibernate.dialect' (remove the property setting and it will be selected by default)
2025-02-05 15:43:58 INFO  o.hibernate.orm.connections.pooling - HHH10001005: Database info:
	Database JDBC URL [Connecting through datasource 'HikariDataSource (HikariPool-1)']
	Database driver: undefined/unknown
	Database version: 2.3.232
	Autocommit mode: undefined/unknown
	Isolation level: undefined/unknown
	Minimum pool size: undefined/unknown
	Maximum pool size: undefined/unknown
2025-02-05 15:43:59 INFO  o.h.e.t.j.p.i.JtaPlatformInitiator - HHH000489: No JTA platform available (set 'hibernate.transaction.jta.platform' to enable JTA platform integration)
2025-02-05 15:43:59 INFO  o.s.o.j.LocalContainerEntityManagerFactoryBean - Initialized JPA EntityManagerFactory for persistence unit 'default'
2025-02-05 15:43:59 INFO  o.s.d.j.r.query.QueryEnhancerFactory - Hibernate is in classpath; If applicable, HQL parser will be used.
2025-02-05 15:44:00 WARN  o.s.b.a.o.j.JpaBaseConfiguration$JpaWebConfiguration - spring.jpa.open-in-view is enabled by default. Therefore, database queries may be performed during view rendering. Explicitly configure spring.jpa.open-in-view to disable this warning
2025-02-05 15:44:00 INFO  o.s.b.a.h.H2ConsoleAutoConfiguration - H2 console available at '/h2-console'. Database available at 'jdbc:h2:mem:bankappdb'
2025-02-05 15:44:00 INFO  i.m.b.TransactionServiceIntegrationTest - Started TransactionServiceIntegrationTest in 4.685 seconds (process running for 6.054)
2025-02-05 15:44:01 INFO  BankApp.locks - Transaction ID: 1, Locked accounts: ID:1, N/A
2025-02-05 15:44:01 INFO  BankApp.transaction - Attempt Transaction
	ID: 1
	Type: Fee
	Amount: 50.00
	From: ID:1

2025-02-05 15:44:01 INFO  BankApp.transaction - Successful Transaction
	ID: 1
	Fee: 50,00
	From: ID:1
2025-02-05 15:44:01 INFO  BankApp.locks - Transaction ID: 1, Unlocked accounts: ID:1, N/A
2025-02-05 15:44:01 INFO  BankApp.locks - Transaction ID: 2, Locked accounts: ID:2, ID:3
2025-02-05 15:44:01 INFO  BankApp.transaction - Attempt Transaction
	ID: 2
	Type: Transfer
	Amount: 200.00
	From: ID:2
	To: ID:3

2025-02-05 15:44:02 INFO  BankApp.transaction - Successful Transaction
	ID: 2
	Amount Sent: 200,00
	From: ID:2
	To: ID:3
2025-02-05 15:44:02 INFO  BankApp.locks - Transaction ID: 2, Unlocked accounts: ID:2, ID:3
2025-02-05 15:44:02 INFO  BankApp.locks - Transaction ID: 3, Locked accounts: ID:4, N/A
2025-02-05 15:44:02 INFO  BankApp.transaction - Attempt Transaction
	ID: 3
	Type: Withdrawal
	Amount: 300.00
	From: ID:4

2025-02-05 15:44:02 INFO  BankApp.transaction - Successful Transaction
	ID: 3
	Withdrawn: 300,00
	From: ID:4
2025-02-05 15:44:02 INFO  BankApp.locks - Transaction ID: 3, Unlocked accounts: ID:4, N/A
2025-02-05 15:44:03 INFO  BankApp.locks - Transaction ID: 4, Locked accounts: N/A, ID:5
2025-02-05 15:44:03 INFO  BankApp.transaction - Attempt Transaction
	ID: 4
	Type: Deposit
	Amount: 500.00
	To: ID:5

2025-02-05 15:44:03 INFO  BankApp.transaction - Successful Transaction
	ID: 4
	Deposited: 500,00
	To: ID:5
2025-02-05 15:44:03 INFO  BankApp.locks - Transaction ID: 4, Unlocked accounts: N/A, ID:5
2025-02-05 15:44:03 INFO  o.s.o.j.LocalContainerEntityManagerFactoryBean - Closing JPA EntityManagerFactory for persistence unit 'default'
2025-02-05 15:44:03 INFO  com.zaxxer.hikari.HikariDataSource - HikariPool-1 - Shutdown initiated...
2025-02-05 15:44:03 INFO  com.zaxxer.hikari.HikariDataSource - HikariPool-1 - Shutdown completed.
2025-02-05 15:44:26 INFO  o.s.t.c.s.AnnotationConfigContextLoaderUtils - Could not detect default configuration classes for test class [info.mackiewicz.bankapp.AccountServiceOperationsTest]: AccountServiceOperationsTest does not declare any static, non-private, non-final, nested classes annotated with @Configuration.
2025-02-05 15:44:26 INFO  o.s.b.t.c.SpringBootTestContextBootstrapper - Found @SpringBootConfiguration info.mackiewicz.bankapp.BankAppApplication for test class info.mackiewicz.bankapp.AccountServiceOperationsTest
2025-02-05 15:44:26 INFO  i.m.b.AccountServiceOperationsTest - Starting AccountServiceOperationsTest using Java 21.0.5 with PID 4724 (started by zizu4 in C:\Users\zizu4\IdeaProjects\BankApp)
2025-02-05 15:44:26 INFO  i.m.b.AccountServiceOperationsTest - No active profile set, falling back to 1 default profile: "default"
2025-02-05 15:44:27 INFO  o.s.d.r.c.RepositoryConfigurationDelegate - Bootstrapping Spring Data JPA repositories in DEFAULT mode.
2025-02-05 15:44:27 INFO  o.s.d.r.c.RepositoryConfigurationDelegate - Finished Spring Data repository scanning in 66 ms. Found 3 JPA repository interfaces.
2025-02-05 15:44:27 INFO  o.h.jpa.internal.util.LogHelper - HHH000204: Processing PersistenceUnitInfo [name: default]
2025-02-05 15:44:27 INFO  org.hibernate.Version - HHH000412: Hibernate ORM core version 6.6.5.Final
2025-02-05 15:44:27 INFO  o.h.c.i.RegionFactoryInitiator - HHH000026: Second-level cache disabled
2025-02-05 15:44:28 INFO  o.s.o.j.p.SpringPersistenceUnitInfo - No LoadTimeWeaver setup: ignoring JPA class transformer
2025-02-05 15:44:28 INFO  com.zaxxer.hikari.HikariDataSource - HikariPool-1 - Starting...
2025-02-05 15:44:28 INFO  com.zaxxer.hikari.pool.HikariPool - HikariPool-1 - Added connection conn0: url=jdbc:h2:mem:bankappdb user=SA
2025-02-05 15:44:28 INFO  com.zaxxer.hikari.HikariDataSource - HikariPool-1 - Start completed.
2025-02-05 15:44:28 WARN  org.hibernate.orm.deprecation - HHH90000025: H2Dialect does not need to be specified explicitly using 'hibernate.dialect' (remove the property setting and it will be selected by default)
2025-02-05 15:44:28 INFO  o.hibernate.orm.connections.pooling - HHH10001005: Database info:
	Database JDBC URL [Connecting through datasource 'HikariDataSource (HikariPool-1)']
	Database driver: undefined/unknown
	Database version: 2.3.232
	Autocommit mode: undefined/unknown
	Isolation level: undefined/unknown
	Minimum pool size: undefined/unknown
	Maximum pool size: undefined/unknown
2025-02-05 15:44:29 INFO  o.h.e.t.j.p.i.JtaPlatformInitiator - HHH000489: No JTA platform available (set 'hibernate.transaction.jta.platform' to enable JTA platform integration)
2025-02-05 15:44:29 INFO  o.s.o.j.LocalContainerEntityManagerFactoryBean - Initialized JPA EntityManagerFactory for persistence unit 'default'
2025-02-05 15:44:29 INFO  o.s.d.j.r.query.QueryEnhancerFactory - Hibernate is in classpath; If applicable, HQL parser will be used.
2025-02-05 15:44:30 WARN  o.s.b.a.o.j.JpaBaseConfiguration$JpaWebConfiguration - spring.jpa.open-in-view is enabled by default. Therefore, database queries may be performed during view rendering. Explicitly configure spring.jpa.open-in-view to disable this warning
2025-02-05 15:44:30 INFO  o.s.b.a.h.H2ConsoleAutoConfiguration - H2 console available at '/h2-console'. Database available at 'jdbc:h2:mem:bankappdb'
2025-02-05 15:44:30 INFO  i.m.b.AccountServiceOperationsTest - Started AccountServiceOperationsTest in 4.468 seconds (process running for 5.891)
2025-02-05 15:44:31 INFO  o.s.t.c.s.AnnotationConfigContextLoaderUtils - Could not detect default configuration classes for test class [info.mackiewicz.bankapp.BankAppIntegrationTests]: BankAppIntegrationTests does not declare any static, non-private, non-final, nested classes annotated with @Configuration.
2025-02-05 15:44:31 INFO  o.s.b.t.c.SpringBootTestContextBootstrapper - Found @SpringBootConfiguration info.mackiewicz.bankapp.BankAppApplication for test class info.mackiewicz.bankapp.BankAppIntegrationTests
2025-02-05 15:44:31 INFO  o.s.t.c.s.AnnotationConfigContextLoaderUtils - Could not detect default configuration classes for test class [info.mackiewicz.bankapp.PersonServiceIntegrationTest]: PersonServiceIntegrationTest does not declare any static, non-private, non-final, nested classes annotated with @Configuration.
2025-02-05 15:44:31 INFO  o.s.b.t.c.SpringBootTestContextBootstrapper - Found @SpringBootConfiguration info.mackiewicz.bankapp.BankAppApplication for test class info.mackiewicz.bankapp.PersonServiceIntegrationTest
2025-02-05 15:44:31 INFO  o.s.t.c.s.AnnotationConfigContextLoaderUtils - Could not detect default configuration classes for test class [info.mackiewicz.bankapp.TransactionServiceIntegrationTest]: TransactionServiceIntegrationTest does not declare any static, non-private, non-final, nested classes annotated with @Configuration.
2025-02-05 15:44:31 INFO  o.s.b.t.c.SpringBootTestContextBootstrapper - Found @SpringBootConfiguration info.mackiewicz.bankapp.BankAppApplication for test class info.mackiewicz.bankapp.TransactionServiceIntegrationTest
2025-02-05 15:44:31 INFO  BankApp.locks - Transaction ID: 1, Locked accounts: ID:17, N/A
2025-02-05 15:44:31 INFO  BankApp.transaction - Attempt Transaction
	ID: 1
	Type: Fee
	Amount: 50.00
	From: ID:17

2025-02-05 15:44:32 INFO  BankApp.transaction - Successful Transaction
	ID: 1
	Fee: 50,00
	From: ID:17
2025-02-05 15:44:32 INFO  BankApp.locks - Transaction ID: 1, Unlocked accounts: ID:17, N/A
2025-02-05 15:44:32 INFO  BankApp.locks - Transaction ID: 2, Locked accounts: ID:18, ID:19
2025-02-05 15:44:32 INFO  BankApp.transaction - Attempt Transaction
	ID: 2
	Type: Transfer
	Amount: 200.00
	From: ID:18
	To: ID:19

2025-02-05 15:44:32 INFO  BankApp.transaction - Successful Transaction
	ID: 2
	Amount Sent: 200,00
	From: ID:18
	To: ID:19
2025-02-05 15:44:32 INFO  BankApp.locks - Transaction ID: 2, Unlocked accounts: ID:18, ID:19
2025-02-05 15:44:32 INFO  BankApp.locks - Transaction ID: 3, Locked accounts: ID:20, N/A
2025-02-05 15:44:32 INFO  BankApp.transaction - Attempt Transaction
	ID: 3
	Type: Withdrawal
	Amount: 300.00
	From: ID:20

2025-02-05 15:44:33 INFO  BankApp.transaction - Successful Transaction
	ID: 3
	Withdrawn: 300,00
	From: ID:20
2025-02-05 15:44:33 INFO  BankApp.locks - Transaction ID: 3, Unlocked accounts: ID:20, N/A
2025-02-05 15:44:33 INFO  BankApp.locks - Transaction ID: 4, Locked accounts: N/A, ID:21
2025-02-05 15:44:33 INFO  BankApp.transaction - Attempt Transaction
	ID: 4
	Type: Deposit
	Amount: 500.00
	To: ID:21

2025-02-05 15:44:34 INFO  BankApp.transaction - Successful Transaction
	ID: 4
	Deposited: 500,00
	To: ID:21
2025-02-05 15:44:34 INFO  BankApp.locks - Transaction ID: 4, Unlocked accounts: N/A, ID:21
2025-02-05 15:44:34 INFO  o.s.t.c.s.AnnotationConfigContextLoaderUtils - Could not detect default configuration classes for test class [info.mackiewicz.bankapp.TransactionStrategyIntegrationTest]: TransactionStrategyIntegrationTest does not declare any static, non-private, non-final, nested classes annotated with @Configuration.
2025-02-05 15:44:34 INFO  o.s.b.t.c.SpringBootTestContextBootstrapper - Found @SpringBootConfiguration info.mackiewicz.bankapp.BankAppApplication for test class info.mackiewicz.bankapp.TransactionStrategyIntegrationTest
2025-02-05 15:44:34 INFO  o.s.o.j.LocalContainerEntityManagerFactoryBean - Closing JPA EntityManagerFactory for persistence unit 'default'
2025-02-05 15:44:34 INFO  com.zaxxer.hikari.HikariDataSource - HikariPool-1 - Shutdown initiated...
2025-02-05 15:44:34 INFO  com.zaxxer.hikari.HikariDataSource - HikariPool-1 - Shutdown completed.
